{"/home/grmaia/fiap_fase02/src/prismaClient.ts": {"path":"/home/grmaia/fiap_fase02/src/prismaClient.ts","statementMap":{"0":{"start":{"line":1,"column":0},"end":{"line":1,"column":46}},"1":{"start":{"line":2,"column":0},"end":{"line":2,"column":29}},"2":{"start":{"line":4,"column":16},"end":{"line":4,"column":82}},"3":{"start":{"line":5,"column":0},"end":{"line":5,"column":33}},"4":{"start":{"line":7,"column":13},"end":{"line":7,"column":41}}},"fnMap":{},"branchMap":{"0":{"loc":{"start":{"line":4,"column":16},"end":{"line":4,"column":82}},"type":"cond-expr","locations":[{"start":{"line":4,"column":56},"end":{"line":4,"column":67}},{"start":{"line":4,"column":70},"end":{"line":4,"column":82}}]}},"s":{"0":49,"1":49,"2":49,"3":49,"4":49},"f":{},"b":{"0":[0,49]}}
,"/home/grmaia/fiap_fase02/src/http/controller/papelUsuario/in/buscarPorID.ts": {"path":"/home/grmaia/fiap_fase02/src/http/controller/papelUsuario/in/buscarPorID.ts","statementMap":{"0":{"start":{"line":5,"column":0},"end":{"line":5,"column":7}},"1":{"start":{"line":1,"column":0},"end":{"line":1,"column":24}},"2":{"start":{"line":3,"column":0},"end":{"line":3,"column":132}},"3":{"start":{"line":7,"column":4},"end":{"line":27,"column":5}},"4":{"start":{"line":8,"column":34},"end":{"line":8,"column":86}},"5":{"start":{"line":10,"column":50},"end":{"line":10,"column":88}},"6":{"start":{"line":12,"column":41},"end":{"line":12,"column":84}},"7":{"start":{"line":13,"column":8},"end":{"line":18,"column":9}},"8":{"start":{"line":14,"column":12},"end":{"line":17,"column":15}},"9":{"start":{"line":20,"column":23},"end":{"line":20,"column":52}},"10":{"start":{"line":22,"column":36},"end":{"line":22,"column":89}},"11":{"start":{"line":24,"column":8},"end":{"line":24,"column":62}},"12":{"start":{"line":26,"column":8},"end":{"line":26,"column":91}}},"fnMap":{"0":{"name":"buscarPorID","decl":{"start":{"line":5,"column":22},"end":{"line":5,"column":33}},"loc":{"start":{"line":5,"column":70},"end":{"line":28,"column":1}}}},"branchMap":{"0":{"loc":{"start":{"line":13,"column":8},"end":{"line":18,"column":9}},"type":"if","locations":[{"start":{"line":13,"column":8},"end":{"line":18,"column":9}}]}},"s":{"0":1,"1":1,"2":1,"3":4,"4":4,"5":4,"6":4,"7":4,"8":2,"9":2,"10":2,"11":2,"12":0},"f":{"0":4},"b":{"0":[2]}}
,"/home/grmaia/fiap_fase02/src/http/controller/papelUsuario/in/buscarTodos.ts": {"path":"/home/grmaia/fiap_fase02/src/http/controller/papelUsuario/in/buscarTodos.ts","statementMap":{"0":{"start":{"line":4,"column":0},"end":{"line":4,"column":7}},"1":{"start":{"line":2,"column":0},"end":{"line":2,"column":132}},"2":{"start":{"line":6,"column":4},"end":{"line":13,"column":5}},"3":{"start":{"line":7,"column":50},"end":{"line":7,"column":88}},"4":{"start":{"line":8,"column":36},"end":{"line":8,"column":87}},"5":{"start":{"line":10,"column":8},"end":{"line":10,"column":62}},"6":{"start":{"line":12,"column":8},"end":{"line":12,"column":91}}},"fnMap":{"0":{"name":"buscarTodos","decl":{"start":{"line":4,"column":22},"end":{"line":4,"column":33}},"loc":{"start":{"line":4,"column":70},"end":{"line":14,"column":1}}}},"branchMap":{},"s":{"0":1,"1":1,"2":2,"3":2,"4":2,"5":2,"6":0},"f":{"0":2},"b":{}}
,"/home/grmaia/fiap_fase02/src/http/controller/papelUsuario/in/criar.ts": {"path":"/home/grmaia/fiap_fase02/src/http/controller/papelUsuario/in/criar.ts","statementMap":{"0":{"start":{"line":5,"column":0},"end":{"line":5,"column":7}},"1":{"start":{"line":1,"column":0},"end":{"line":1,"column":24}},"2":{"start":{"line":3,"column":0},"end":{"line":3,"column":118}},"3":{"start":{"line":7,"column":4},"end":{"line":26,"column":5}},"4":{"start":{"line":8,"column":33},"end":{"line":8,"column":79}},"5":{"start":{"line":10,"column":41},"end":{"line":10,"column":81}},"6":{"start":{"line":11,"column":8},"end":{"line":16,"column":9}},"7":{"start":{"line":12,"column":12},"end":{"line":15,"column":15}},"8":{"start":{"line":18,"column":43},"end":{"line":18,"column":74}},"9":{"start":{"line":19,"column":26},"end":{"line":19,"column":55}},"10":{"start":{"line":21,"column":36},"end":{"line":21,"column":85}},"11":{"start":{"line":23,"column":8},"end":{"line":23,"column":62}},"12":{"start":{"line":25,"column":8},"end":{"line":25,"column":79}}},"fnMap":{"0":{"name":"criar","decl":{"start":{"line":5,"column":22},"end":{"line":5,"column":27}},"loc":{"start":{"line":5,"column":64},"end":{"line":27,"column":1}}}},"branchMap":{"0":{"loc":{"start":{"line":11,"column":8},"end":{"line":16,"column":9}},"type":"if","locations":[{"start":{"line":11,"column":8},"end":{"line":16,"column":9}}]}},"s":{"0":1,"1":1,"2":1,"3":4,"4":4,"5":4,"6":4,"7":2,"8":2,"9":2,"10":2,"11":2,"12":0},"f":{"0":4},"b":{"0":[2]}}
,"/home/grmaia/fiap_fase02/src/http/controller/papelUsuario/in/deletar.ts": {"path":"/home/grmaia/fiap_fase02/src/http/controller/papelUsuario/in/deletar.ts","statementMap":{"0":{"start":{"line":5,"column":0},"end":{"line":5,"column":7}},"1":{"start":{"line":1,"column":0},"end":{"line":1,"column":24}},"2":{"start":{"line":3,"column":0},"end":{"line":3,"column":122}},"3":{"start":{"line":6,"column":4},"end":{"line":23,"column":5}},"4":{"start":{"line":7,"column":35},"end":{"line":7,"column":87}},"5":{"start":{"line":8,"column":41},"end":{"line":8,"column":85}},"6":{"start":{"line":9,"column":8},"end":{"line":14,"column":9}},"7":{"start":{"line":10,"column":12},"end":{"line":13,"column":15}},"8":{"start":{"line":15,"column":45},"end":{"line":15,"column":78}},"9":{"start":{"line":16,"column":23},"end":{"line":16,"column":52}},"10":{"start":{"line":18,"column":36},"end":{"line":18,"column":84}},"11":{"start":{"line":20,"column":8},"end":{"line":20,"column":62}},"12":{"start":{"line":22,"column":8},"end":{"line":22,"column":82}}},"fnMap":{"0":{"name":"deletar","decl":{"start":{"line":5,"column":22},"end":{"line":5,"column":29}},"loc":{"start":{"line":5,"column":66},"end":{"line":24,"column":1}}}},"branchMap":{"0":{"loc":{"start":{"line":9,"column":8},"end":{"line":14,"column":9}},"type":"if","locations":[{"start":{"line":9,"column":8},"end":{"line":14,"column":9}}]}},"s":{"0":1,"1":1,"2":1,"3":4,"4":4,"5":4,"6":4,"7":2,"8":2,"9":2,"10":2,"11":2,"12":0},"f":{"0":4},"b":{"0":[2]}}
,"/home/grmaia/fiap_fase02/src/http/controller/papelUsuario/in/editar.ts": {"path":"/home/grmaia/fiap_fase02/src/http/controller/papelUsuario/in/editar.ts","statementMap":{"0":{"start":{"line":5,"column":0},"end":{"line":5,"column":7}},"1":{"start":{"line":1,"column":0},"end":{"line":1,"column":24}},"2":{"start":{"line":3,"column":0},"end":{"line":3,"column":122}},"3":{"start":{"line":7,"column":4},"end":{"line":39,"column":5}},"4":{"start":{"line":8,"column":45},"end":{"line":8,"column":78}},"5":{"start":{"line":9,"column":43},"end":{"line":9,"column":95}},"6":{"start":{"line":10,"column":38},"end":{"line":10,"column":84}},"7":{"start":{"line":12,"column":50},"end":{"line":12,"column":102}},"8":{"start":{"line":13,"column":8},"end":{"line":18,"column":9}},"9":{"start":{"line":14,"column":12},"end":{"line":17,"column":15}},"10":{"start":{"line":20,"column":45},"end":{"line":20,"column":90}},"11":{"start":{"line":21,"column":8},"end":{"line":26,"column":9}},"12":{"start":{"line":22,"column":12},"end":{"line":25,"column":15}},"13":{"start":{"line":28,"column":23},"end":{"line":28,"column":61}},"14":{"start":{"line":29,"column":26},"end":{"line":29,"column":59}},"15":{"start":{"line":31,"column":36},"end":{"line":31,"column":91}},"16":{"start":{"line":32,"column":8},"end":{"line":34,"column":9}},"17":{"start":{"line":33,"column":12},"end":{"line":33,"column":94}},"18":{"start":{"line":36,"column":8},"end":{"line":36,"column":62}},"19":{"start":{"line":38,"column":8},"end":{"line":38,"column":82}}},"fnMap":{"0":{"name":"editar","decl":{"start":{"line":5,"column":22},"end":{"line":5,"column":28}},"loc":{"start":{"line":5,"column":65},"end":{"line":40,"column":1}}}},"branchMap":{"0":{"loc":{"start":{"line":13,"column":8},"end":{"line":18,"column":9}},"type":"if","locations":[{"start":{"line":13,"column":8},"end":{"line":18,"column":9}}]},"1":{"loc":{"start":{"line":21,"column":8},"end":{"line":26,"column":9}},"type":"if","locations":[{"start":{"line":21,"column":8},"end":{"line":26,"column":9}}]},"2":{"loc":{"start":{"line":32,"column":8},"end":{"line":34,"column":9}},"type":"if","locations":[{"start":{"line":32,"column":8},"end":{"line":34,"column":9}}]}},"s":{"0":1,"1":1,"2":1,"3":6,"4":6,"5":6,"6":6,"7":6,"8":6,"9":2,"10":4,"11":4,"12":1,"13":3,"14":3,"15":3,"16":3,"17":1,"18":2,"19":0},"f":{"0":6},"b":{"0":[2],"1":[1],"2":[1]}}
,"/home/grmaia/fiap_fase02/src/http/controller/postagem/in/buscarPorID.ts": {"path":"/home/grmaia/fiap_fase02/src/http/controller/postagem/in/buscarPorID.ts","statementMap":{"0":{"start":{"line":5,"column":0},"end":{"line":5,"column":7}},"1":{"start":{"line":1,"column":0},"end":{"line":1,"column":24}},"2":{"start":{"line":3,"column":0},"end":{"line":3,"column":120}},"3":{"start":{"line":7,"column":4},"end":{"line":27,"column":5}},"4":{"start":{"line":8,"column":37},"end":{"line":8,"column":89}},"5":{"start":{"line":10,"column":46},"end":{"line":10,"column":80}},"6":{"start":{"line":12,"column":41},"end":{"line":12,"column":87}},"7":{"start":{"line":13,"column":8},"end":{"line":18,"column":9}},"8":{"start":{"line":14,"column":12},"end":{"line":17,"column":15}},"9":{"start":{"line":20,"column":23},"end":{"line":20,"column":52}},"10":{"start":{"line":22,"column":36},"end":{"line":22,"column":85}},"11":{"start":{"line":24,"column":8},"end":{"line":24,"column":62}},"12":{"start":{"line":26,"column":8},"end":{"line":26,"column":83}}},"fnMap":{"0":{"name":"buscarPorID","decl":{"start":{"line":5,"column":22},"end":{"line":5,"column":33}},"loc":{"start":{"line":5,"column":70},"end":{"line":28,"column":1}}}},"branchMap":{"0":{"loc":{"start":{"line":13,"column":8},"end":{"line":18,"column":9}},"type":"if","locations":[{"start":{"line":13,"column":8},"end":{"line":18,"column":9}}]}},"s":{"0":1,"1":1,"2":1,"3":3,"4":3,"5":3,"6":3,"7":3,"8":1,"9":2,"10":2,"11":2,"12":0},"f":{"0":3},"b":{"0":[1]}}
,"/home/grmaia/fiap_fase02/src/http/controller/postagem/in/buscarPorPalavraChave.ts": {"path":"/home/grmaia/fiap_fase02/src/http/controller/postagem/in/buscarPorPalavraChave.ts","statementMap":{"0":{"start":{"line":5,"column":0},"end":{"line":5,"column":7}},"1":{"start":{"line":1,"column":0},"end":{"line":1,"column":24}},"2":{"start":{"line":3,"column":0},"end":{"line":3,"column":136}},"3":{"start":{"line":7,"column":4},"end":{"line":25,"column":5}},"4":{"start":{"line":8,"column":37},"end":{"line":8,"column":77}},"5":{"start":{"line":9,"column":49},"end":{"line":9,"column":96}},"6":{"start":{"line":11,"column":41},"end":{"line":11,"column":86}},"7":{"start":{"line":12,"column":8},"end":{"line":17,"column":9}},"8":{"start":{"line":13,"column":12},"end":{"line":16,"column":15}},"9":{"start":{"line":19,"column":28},"end":{"line":19,"column":57}},"10":{"start":{"line":20,"column":8},"end":{"line":20,"column":null}},"11":{"start":{"line":21,"column":36},"end":{"line":21,"column":93}},"12":{"start":{"line":22,"column":8},"end":{"line":22,"column":62}},"13":{"start":{"line":24,"column":8},"end":{"line":24,"column":91}}},"fnMap":{"0":{"name":"buscarPorPalavraChave","decl":{"start":{"line":5,"column":22},"end":{"line":5,"column":43}},"loc":{"start":{"line":5,"column":80},"end":{"line":26,"column":1}}}},"branchMap":{"0":{"loc":{"start":{"line":12,"column":8},"end":{"line":17,"column":9}},"type":"if","locations":[{"start":{"line":12,"column":8},"end":{"line":17,"column":9}}]}},"s":{"0":1,"1":1,"2":1,"3":3,"4":3,"5":3,"6":3,"7":3,"8":1,"9":2,"10":2,"11":2,"12":2,"13":0},"f":{"0":3},"b":{"0":[1]}}
,"/home/grmaia/fiap_fase02/src/http/controller/postagem/in/buscarTodos.ts": {"path":"/home/grmaia/fiap_fase02/src/http/controller/postagem/in/buscarTodos.ts","statementMap":{"0":{"start":{"line":4,"column":0},"end":{"line":4,"column":7}},"1":{"start":{"line":2,"column":0},"end":{"line":2,"column":120}},"2":{"start":{"line":6,"column":4},"end":{"line":13,"column":5}},"3":{"start":{"line":7,"column":46},"end":{"line":7,"column":80}},"4":{"start":{"line":8,"column":36},"end":{"line":8,"column":83}},"5":{"start":{"line":10,"column":8},"end":{"line":10,"column":62}},"6":{"start":{"line":12,"column":8},"end":{"line":12,"column":82}}},"fnMap":{"0":{"name":"buscarTodos","decl":{"start":{"line":4,"column":22},"end":{"line":4,"column":33}},"loc":{"start":{"line":4,"column":70},"end":{"line":14,"column":1}}}},"branchMap":{},"s":{"0":1,"1":1,"2":2,"3":2,"4":2,"5":2,"6":0},"f":{"0":2},"b":{}}
,"/home/grmaia/fiap_fase02/src/http/controller/postagem/in/criar.ts": {"path":"/home/grmaia/fiap_fase02/src/http/controller/postagem/in/criar.ts","statementMap":{"0":{"start":{"line":11,"column":0},"end":{"line":11,"column":7}},"1":{"start":{"line":1,"column":0},"end":{"line":1,"column":24}},"2":{"start":{"line":3,"column":0},"end":{"line":3,"column":107}},"3":{"start":{"line":5,"column":0},"end":{"line":5,"column":28}},"4":{"start":{"line":8,"column":16},"end":{"line":8,"column":82}},"5":{"start":{"line":9,"column":0},"end":{"line":9,"column":33}},"6":{"start":{"line":12,"column":2},"end":{"line":50,"column":3}},"7":{"start":{"line":13,"column":32},"end":{"line":23,"column":6}},"8":{"start":{"line":19,"column":28},"end":{"line":19,"column":58}},"9":{"start":{"line":22,"column":28},"end":{"line":22,"column":39}},"10":{"start":{"line":25,"column":37},"end":{"line":25,"column":80}},"11":{"start":{"line":27,"column":4},"end":{"line":32,"column":5}},"12":{"start":{"line":28,"column":6},"end":{"line":31,"column":9}},"13":{"start":{"line":34,"column":36},"end":{"line":34,"column":64}},"14":{"start":{"line":36,"column":25},"end":{"line":40,"column":6}},"15":{"start":{"line":42,"column":32},"end":{"line":42,"column":99}},"16":{"start":{"line":44,"column":4},"end":{"line":44,"column":58}},"17":{"start":{"line":46,"column":4},"end":{"line":46,"column":25}},"18":{"start":{"line":47,"column":4},"end":{"line":49,"column":7}}},"fnMap":{"0":{"name":"criar","decl":{"start":{"line":11,"column":22},"end":{"line":11,"column":27}},"loc":{"start":{"line":11,"column":64},"end":{"line":51,"column":1}}},"1":{"name":"(anonymous_2)","decl":{"start":{"line":19,"column":19},"end":{"line":19,"column":20}},"loc":{"start":{"line":19,"column":28},"end":{"line":19,"column":58}}},"2":{"name":"(anonymous_3)","decl":{"start":{"line":22,"column":19},"end":{"line":22,"column":20}},"loc":{"start":{"line":22,"column":28},"end":{"line":22,"column":39}}}},"branchMap":{"0":{"loc":{"start":{"line":8,"column":16},"end":{"line":8,"column":82}},"type":"cond-expr","locations":[{"start":{"line":8,"column":56},"end":{"line":8,"column":67}},{"start":{"line":8,"column":70},"end":{"line":8,"column":82}}]},"1":{"loc":{"start":{"line":19,"column":28},"end":{"line":19,"column":58}},"type":"binary-expr","locations":[{"start":{"line":19,"column":28},"end":{"line":19,"column":42}},{"start":{"line":19,"column":46},"end":{"line":19,"column":58}}]},"2":{"loc":{"start":{"line":27,"column":4},"end":{"line":32,"column":5}},"type":"if","locations":[{"start":{"line":27,"column":4},"end":{"line":32,"column":5}}]}},"s":{"0":1,"1":1,"2":1,"3":1,"4":1,"5":1,"6":3,"7":3,"8":3,"9":3,"10":3,"11":3,"12":1,"13":2,"14":2,"15":2,"16":2,"17":0,"18":0},"f":{"0":3,"1":3,"2":3},"b":{"0":[0,1],"1":[3,0],"2":[1]}}
,"/home/grmaia/fiap_fase02/src/http/controller/postagem/in/deletar.ts": {"path":"/home/grmaia/fiap_fase02/src/http/controller/postagem/in/deletar.ts","statementMap":{"0":{"start":{"line":5,"column":0},"end":{"line":5,"column":7}},"1":{"start":{"line":1,"column":0},"end":{"line":1,"column":24}},"2":{"start":{"line":3,"column":0},"end":{"line":3,"column":111}},"3":{"start":{"line":7,"column":4},"end":{"line":27,"column":5}},"4":{"start":{"line":8,"column":38},"end":{"line":8,"column":90}},"5":{"start":{"line":10,"column":42},"end":{"line":10,"column":72}},"6":{"start":{"line":12,"column":41},"end":{"line":12,"column":88}},"7":{"start":{"line":13,"column":8},"end":{"line":18,"column":9}},"8":{"start":{"line":14,"column":12},"end":{"line":17,"column":15}},"9":{"start":{"line":20,"column":23},"end":{"line":20,"column":52}},"10":{"start":{"line":22,"column":36},"end":{"line":22,"column":81}},"11":{"start":{"line":24,"column":8},"end":{"line":24,"column":62}},"12":{"start":{"line":26,"column":8},"end":{"line":26,"column":77}}},"fnMap":{"0":{"name":"deletar","decl":{"start":{"line":5,"column":22},"end":{"line":5,"column":29}},"loc":{"start":{"line":5,"column":66},"end":{"line":28,"column":1}}}},"branchMap":{"0":{"loc":{"start":{"line":13,"column":8},"end":{"line":18,"column":9}},"type":"if","locations":[{"start":{"line":13,"column":8},"end":{"line":18,"column":9}}]}},"s":{"0":1,"1":1,"2":1,"3":3,"4":3,"5":3,"6":3,"7":3,"8":1,"9":2,"10":2,"11":2,"12":0},"f":{"0":3},"b":{"0":[1]}}
,"/home/grmaia/fiap_fase02/src/http/controller/postagem/in/editar.ts": {"path":"/home/grmaia/fiap_fase02/src/http/controller/postagem/in/editar.ts","statementMap":{"0":{"start":{"line":6,"column":0},"end":{"line":6,"column":7}},"1":{"start":{"line":1,"column":0},"end":{"line":1,"column":24}},"2":{"start":{"line":3,"column":0},"end":{"line":3,"column":110}},"3":{"start":{"line":8,"column":4},"end":{"line":53,"column":5}},"4":{"start":{"line":11,"column":43},"end":{"line":11,"column":95}},"5":{"start":{"line":12,"column":38},"end":{"line":22,"column":10}},"6":{"start":{"line":18,"column":36},"end":{"line":18,"column":66}},"7":{"start":{"line":21,"column":36},"end":{"line":21,"column":47}},"8":{"start":{"line":24,"column":50},"end":{"line":24,"column":102}},"9":{"start":{"line":25,"column":8},"end":{"line":30,"column":9}},"10":{"start":{"line":26,"column":12},"end":{"line":29,"column":15}},"11":{"start":{"line":32,"column":45},"end":{"line":32,"column":90}},"12":{"start":{"line":33,"column":8},"end":{"line":38,"column":9}},"13":{"start":{"line":34,"column":12},"end":{"line":37,"column":15}},"14":{"start":{"line":39,"column":38},"end":{"line":39,"column":67}},"15":{"start":{"line":40,"column":23},"end":{"line":40,"column":61}},"16":{"start":{"line":41,"column":52},"end":{"line":44,"column":10}},"17":{"start":{"line":45,"column":36},"end":{"line":45,"column":106}},"18":{"start":{"line":46,"column":8},"end":{"line":48,"column":9}},"19":{"start":{"line":47,"column":12},"end":{"line":47,"column":86}},"20":{"start":{"line":50,"column":8},"end":{"line":50,"column":62}},"21":{"start":{"line":52,"column":8},"end":{"line":52,"column":76}}},"fnMap":{"0":{"name":"editar","decl":{"start":{"line":6,"column":22},"end":{"line":6,"column":28}},"loc":{"start":{"line":6,"column":65},"end":{"line":54,"column":1}}},"1":{"name":"(anonymous_1)","decl":{"start":{"line":18,"column":27},"end":{"line":18,"column":28}},"loc":{"start":{"line":18,"column":36},"end":{"line":18,"column":66}}},"2":{"name":"(anonymous_2)","decl":{"start":{"line":21,"column":27},"end":{"line":21,"column":28}},"loc":{"start":{"line":21,"column":36},"end":{"line":21,"column":47}}}},"branchMap":{"0":{"loc":{"start":{"line":18,"column":36},"end":{"line":18,"column":66}},"type":"binary-expr","locations":[{"start":{"line":18,"column":36},"end":{"line":18,"column":50}},{"start":{"line":18,"column":54},"end":{"line":18,"column":66}}]},"1":{"loc":{"start":{"line":25,"column":8},"end":{"line":30,"column":9}},"type":"if","locations":[{"start":{"line":25,"column":8},"end":{"line":30,"column":9}}]},"2":{"loc":{"start":{"line":33,"column":8},"end":{"line":38,"column":9}},"type":"if","locations":[{"start":{"line":33,"column":8},"end":{"line":38,"column":9}}]},"3":{"loc":{"start":{"line":43,"column":27},"end":{"line":43,"column":80}},"type":"binary-expr","locations":[{"start":{"line":43,"column":27},"end":{"line":43,"column":74}},{"start":{"line":43,"column":78},"end":{"line":43,"column":80}}]},"4":{"loc":{"start":{"line":46,"column":8},"end":{"line":48,"column":9}},"type":"if","locations":[{"start":{"line":46,"column":8},"end":{"line":48,"column":9}}]}},"s":{"0":1,"1":1,"2":1,"3":3,"4":3,"5":3,"6":2,"7":2,"8":3,"9":3,"10":1,"11":2,"12":2,"13":0,"14":2,"15":2,"16":2,"17":2,"18":2,"19":0,"20":2,"21":0},"f":{"0":3,"1":2,"2":2},"b":{"0":[2,0],"1":[1],"2":[0],"3":[2,2],"4":[0]}}
,"/home/grmaia/fiap_fase02/src/http/controller/usuario/in/buscarPorID.ts": {"path":"/home/grmaia/fiap_fase02/src/http/controller/usuario/in/buscarPorID.ts","statementMap":{"0":{"start":{"line":5,"column":0},"end":{"line":5,"column":7}},"1":{"start":{"line":1,"column":0},"end":{"line":1,"column":24}},"2":{"start":{"line":3,"column":0},"end":{"line":3,"column":117}},"3":{"start":{"line":7,"column":4},"end":{"line":27,"column":5}},"4":{"start":{"line":8,"column":36},"end":{"line":8,"column":88}},"5":{"start":{"line":10,"column":45},"end":{"line":10,"column":78}},"6":{"start":{"line":12,"column":41},"end":{"line":12,"column":86}},"7":{"start":{"line":13,"column":8},"end":{"line":18,"column":9}},"8":{"start":{"line":14,"column":12},"end":{"line":17,"column":15}},"9":{"start":{"line":20,"column":23},"end":{"line":20,"column":52}},"10":{"start":{"line":22,"column":36},"end":{"line":22,"column":84}},"11":{"start":{"line":24,"column":8},"end":{"line":24,"column":62}},"12":{"start":{"line":26,"column":8},"end":{"line":26,"column":82}}},"fnMap":{"0":{"name":"buscarPorID","decl":{"start":{"line":5,"column":22},"end":{"line":5,"column":33}},"loc":{"start":{"line":5,"column":70},"end":{"line":28,"column":1}}}},"branchMap":{"0":{"loc":{"start":{"line":13,"column":8},"end":{"line":18,"column":9}},"type":"if","locations":[{"start":{"line":13,"column":8},"end":{"line":18,"column":9}}]}},"s":{"0":1,"1":1,"2":1,"3":4,"4":4,"5":4,"6":4,"7":4,"8":2,"9":2,"10":2,"11":2,"12":0},"f":{"0":4},"b":{"0":[2]}}
,"/home/grmaia/fiap_fase02/src/http/controller/usuario/in/buscarTodos.ts": {"path":"/home/grmaia/fiap_fase02/src/http/controller/usuario/in/buscarTodos.ts","statementMap":{"0":{"start":{"line":4,"column":0},"end":{"line":4,"column":7}},"1":{"start":{"line":2,"column":0},"end":{"line":2,"column":118}},"2":{"start":{"line":5,"column":4},"end":{"line":12,"column":5}},"3":{"start":{"line":6,"column":46},"end":{"line":6,"column":80}},"4":{"start":{"line":7,"column":36},"end":{"line":7,"column":83}},"5":{"start":{"line":9,"column":8},"end":{"line":9,"column":62}},"6":{"start":{"line":11,"column":8},"end":{"line":11,"column":81}}},"fnMap":{"0":{"name":"buscarTodos","decl":{"start":{"line":4,"column":22},"end":{"line":4,"column":33}},"loc":{"start":{"line":4,"column":70},"end":{"line":13,"column":1}}}},"branchMap":{},"s":{"0":1,"1":1,"2":2,"3":2,"4":2,"5":2,"6":0},"f":{"0":2},"b":{}}
,"/home/grmaia/fiap_fase02/src/http/controller/usuario/in/criar.ts": {"path":"/home/grmaia/fiap_fase02/src/http/controller/usuario/in/criar.ts","statementMap":{"0":{"start":{"line":5,"column":0},"end":{"line":5,"column":7}},"1":{"start":{"line":1,"column":0},"end":{"line":1,"column":24}},"2":{"start":{"line":3,"column":0},"end":{"line":3,"column":105}},"3":{"start":{"line":6,"column":4},"end":{"line":32,"column":5}},"4":{"start":{"line":7,"column":30},"end":{"line":13,"column":10}},"5":{"start":{"line":15,"column":40},"end":{"line":15,"column":68}},"6":{"start":{"line":17,"column":41},"end":{"line":17,"column":78}},"7":{"start":{"line":18,"column":8},"end":{"line":23,"column":9}},"8":{"start":{"line":19,"column":12},"end":{"line":22,"column":15}},"9":{"start":{"line":25,"column":28},"end":{"line":25,"column":57}},"10":{"start":{"line":27,"column":36},"end":{"line":27,"column":88}},"11":{"start":{"line":29,"column":8},"end":{"line":29,"column":62}},"12":{"start":{"line":31,"column":8},"end":{"line":31,"column":81}}},"fnMap":{"0":{"name":"criar","decl":{"start":{"line":5,"column":22},"end":{"line":5,"column":27}},"loc":{"start":{"line":5,"column":64},"end":{"line":33,"column":1}}}},"branchMap":{"0":{"loc":{"start":{"line":18,"column":8},"end":{"line":23,"column":9}},"type":"if","locations":[{"start":{"line":18,"column":8},"end":{"line":23,"column":9}}]}},"s":{"0":1,"1":1,"2":1,"3":4,"4":4,"5":4,"6":4,"7":4,"8":2,"9":2,"10":2,"11":2,"12":0},"f":{"0":4},"b":{"0":[2]}}
,"/home/grmaia/fiap_fase02/src/http/controller/usuario/in/deletar.ts": {"path":"/home/grmaia/fiap_fase02/src/http/controller/usuario/in/deletar.ts","statementMap":{"0":{"start":{"line":5,"column":0},"end":{"line":5,"column":7}},"1":{"start":{"line":1,"column":0},"end":{"line":1,"column":24}},"2":{"start":{"line":3,"column":0},"end":{"line":3,"column":109}},"3":{"start":{"line":7,"column":4},"end":{"line":27,"column":5}},"4":{"start":{"line":8,"column":37},"end":{"line":8,"column":89}},"5":{"start":{"line":10,"column":42},"end":{"line":10,"column":72}},"6":{"start":{"line":12,"column":41},"end":{"line":12,"column":87}},"7":{"start":{"line":13,"column":8},"end":{"line":18,"column":9}},"8":{"start":{"line":14,"column":12},"end":{"line":17,"column":15}},"9":{"start":{"line":20,"column":23},"end":{"line":20,"column":52}},"10":{"start":{"line":22,"column":36},"end":{"line":22,"column":81}},"11":{"start":{"line":24,"column":8},"end":{"line":24,"column":62}},"12":{"start":{"line":26,"column":8},"end":{"line":26,"column":76}}},"fnMap":{"0":{"name":"deletar","decl":{"start":{"line":5,"column":22},"end":{"line":5,"column":29}},"loc":{"start":{"line":5,"column":66},"end":{"line":28,"column":1}}}},"branchMap":{"0":{"loc":{"start":{"line":13,"column":8},"end":{"line":18,"column":9}},"type":"if","locations":[{"start":{"line":13,"column":8},"end":{"line":18,"column":9}}]}},"s":{"0":1,"1":1,"2":1,"3":4,"4":4,"5":4,"6":4,"7":4,"8":2,"9":2,"10":2,"11":2,"12":0},"f":{"0":4},"b":{"0":[2]}}
,"/home/grmaia/fiap_fase02/src/http/controller/usuario/in/editar.ts": {"path":"/home/grmaia/fiap_fase02/src/http/controller/usuario/in/editar.ts","statementMap":{"0":{"start":{"line":5,"column":0},"end":{"line":5,"column":7}},"1":{"start":{"line":1,"column":0},"end":{"line":1,"column":24}},"2":{"start":{"line":3,"column":0},"end":{"line":3,"column":107}},"3":{"start":{"line":6,"column":4},"end":{"line":44,"column":5}},"4":{"start":{"line":7,"column":33},"end":{"line":7,"column":61}},"5":{"start":{"line":9,"column":45},"end":{"line":9,"column":97}},"6":{"start":{"line":10,"column":40},"end":{"line":16,"column":10}},"7":{"start":{"line":18,"column":50},"end":{"line":18,"column":104}},"8":{"start":{"line":19,"column":8},"end":{"line":24,"column":9}},"9":{"start":{"line":20,"column":12},"end":{"line":23,"column":15}},"10":{"start":{"line":26,"column":45},"end":{"line":26,"column":92}},"11":{"start":{"line":27,"column":8},"end":{"line":32,"column":9}},"12":{"start":{"line":28,"column":12},"end":{"line":31,"column":15}},"13":{"start":{"line":34,"column":23},"end":{"line":34,"column":61}},"14":{"start":{"line":36,"column":36},"end":{"line":36,"column":107}},"15":{"start":{"line":37,"column":8},"end":{"line":39,"column":9}},"16":{"start":{"line":38,"column":12},"end":{"line":38,"column":85}},"17":{"start":{"line":41,"column":8},"end":{"line":41,"column":62}},"18":{"start":{"line":43,"column":8},"end":{"line":43,"column":75}}},"fnMap":{"0":{"name":"editar","decl":{"start":{"line":5,"column":22},"end":{"line":5,"column":28}},"loc":{"start":{"line":5,"column":65},"end":{"line":45,"column":1}}}},"branchMap":{"0":{"loc":{"start":{"line":19,"column":8},"end":{"line":24,"column":9}},"type":"if","locations":[{"start":{"line":19,"column":8},"end":{"line":24,"column":9}}]},"1":{"loc":{"start":{"line":27,"column":8},"end":{"line":32,"column":9}},"type":"if","locations":[{"start":{"line":27,"column":8},"end":{"line":32,"column":9}}]},"2":{"loc":{"start":{"line":37,"column":8},"end":{"line":39,"column":9}},"type":"if","locations":[{"start":{"line":37,"column":8},"end":{"line":39,"column":9}}]}},"s":{"0":1,"1":1,"2":1,"3":6,"4":6,"5":6,"6":6,"7":6,"8":6,"9":2,"10":4,"11":4,"12":1,"13":3,"14":3,"15":3,"16":1,"17":2,"18":0},"f":{"0":6},"b":{"0":[2],"1":[1],"2":[1]}}
,"/home/grmaia/fiap_fase02/src/middleware/autenticacao-middleware.ts": {"path":"/home/grmaia/fiap_fase02/src/middleware/autenticacao-middleware.ts","statementMap":{"0":{"start":{"line":8,"column":0},"end":{"line":8,"column":16}},"1":{"start":{"line":2,"column":0},"end":{"line":2,"column":31}},"2":{"start":{"line":3,"column":0},"end":{"line":3,"column":27}},"3":{"start":{"line":5,"column":16},"end":{"line":5,"column":82}},"4":{"start":{"line":6,"column":0},"end":{"line":6,"column":33}},"5":{"start":{"line":9,"column":23},"end":{"line":9,"column":51}},"6":{"start":{"line":10,"column":18},"end":{"line":10,"column":56}},"7":{"start":{"line":12,"column":4},"end":{"line":12,"column":97}},"8":{"start":{"line":12,"column":16},"end":{"line":12,"column":97}},"9":{"start":{"line":14,"column":4},"end":{"line":22,"column":5}},"10":{"start":{"line":15,"column":23},"end":{"line":15,"column":55}},"11":{"start":{"line":16,"column":24},"end":{"line":16,"column":49}},"12":{"start":{"line":17,"column":9},"end":{"line":17,"column":39}},"13":{"start":{"line":18,"column":8},"end":{"line":18,"column":15}},"14":{"start":{"line":20,"column":8},"end":{"line":20,"column":40}},"15":{"start":{"line":21,"column":8},"end":{"line":21,"column":80}}},"fnMap":{"0":{"name":"autenticacaoMiddleware","decl":{"start":{"line":8,"column":16},"end":{"line":8,"column":38}},"loc":{"start":{"line":8,"column":86},"end":{"line":23,"column":1}}}},"branchMap":{"0":{"loc":{"start":{"line":5,"column":16},"end":{"line":5,"column":82}},"type":"cond-expr","locations":[{"start":{"line":5,"column":56},"end":{"line":5,"column":67}},{"start":{"line":5,"column":70},"end":{"line":5,"column":82}}]},"1":{"loc":{"start":{"line":10,"column":18},"end":{"line":10,"column":56}},"type":"binary-expr","locations":[{"start":{"line":10,"column":18},"end":{"line":10,"column":28}},{"start":{"line":10,"column":32},"end":{"line":10,"column":56}}]},"2":{"loc":{"start":{"line":12,"column":4},"end":{"line":12,"column":97}},"type":"if","locations":[{"start":{"line":12,"column":4},"end":{"line":12,"column":97}}]}},"s":{"0":1,"1":1,"2":1,"3":1,"4":1,"5":3,"6":3,"7":3,"8":1,"9":2,"10":2,"11":2,"12":1,"13":1,"14":1,"15":1},"f":{"0":3},"b":{"0":[0,1],"1":[3,2],"2":[1]}}
,"/home/grmaia/fiap_fase02/src/middleware/autorizacao-middleware.ts": {"path":"/home/grmaia/fiap_fase02/src/middleware/autorizacao-middleware.ts","statementMap":{"0":{"start":{"line":7,"column":0},"end":{"line":7,"column":16}},"1":{"start":{"line":8,"column":2},"end":{"line":18,"column":4}},"2":{"start":{"line":9,"column":21},"end":{"line":9,"column":40}},"3":{"start":{"line":11,"column":4},"end":{"line":15,"column":5}},"4":{"start":{"line":12,"column":6},"end":{"line":14,"column":9}},"5":{"start":{"line":17,"column":4},"end":{"line":17,"column":11}}},"fnMap":{"0":{"name":"autorizacaoMiddleware","decl":{"start":{"line":7,"column":16},"end":{"line":7,"column":37}},"loc":{"start":{"line":7,"column":67},"end":{"line":19,"column":1}}},"1":{"name":"(anonymous_1)","decl":{"start":{"line":8,"column":9},"end":{"line":8,"column":10}},"loc":{"start":{"line":8,"column":61},"end":{"line":18,"column":3}}}},"branchMap":{"0":{"loc":{"start":{"line":11,"column":4},"end":{"line":15,"column":5}},"type":"if","locations":[{"start":{"line":11,"column":4},"end":{"line":15,"column":5}}]},"1":{"loc":{"start":{"line":11,"column":8},"end":{"line":11,"column":68}},"type":"binary-expr","locations":[{"start":{"line":11,"column":8},"end":{"line":11,"column":16}},{"start":{"line":11,"column":20},"end":{"line":11,"column":68}}]}},"s":{"0":1,"1":3,"2":3,"3":3,"4":2,"5":1},"f":{"0":3,"1":3},"b":{"0":[2],"1":[3,2]}}
,"/home/grmaia/fiap_fase02/src/repositories/pg/papelUsuario.repository.ts": {"path":"/home/grmaia/fiap_fase02/src/repositories/pg/papelUsuario.repository.ts","statementMap":{"0":{"start":{"line":3,"column":0},"end":{"line":3,"column":44}},"1":{"start":{"line":8,"column":8},"end":{"line":18,"column":9}},"2":{"start":{"line":9,"column":30},"end":{"line":13,"column":14}},"3":{"start":{"line":15,"column":12},"end":{"line":15,"column":46}},"4":{"start":{"line":17,"column":12},"end":{"line":17,"column":72}},"5":{"start":{"line":22,"column":8},"end":{"line":34,"column":9}},"6":{"start":{"line":23,"column":35},"end":{"line":25,"column":14}},"7":{"start":{"line":27,"column":12},"end":{"line":27,"column":98}},"8":{"start":{"line":27,"column":33},"end":{"line":27,"column":98}},"9":{"start":{"line":29,"column":12},"end":{"line":29,"column":71}},"10":{"start":{"line":31,"column":12},"end":{"line":31,"column":51}},"11":{"start":{"line":33,"column":12},"end":{"line":33,"column":74}},"12":{"start":{"line":38,"column":8},"end":{"line":48,"column":9}},"13":{"start":{"line":39,"column":35},"end":{"line":41,"column":14}},"14":{"start":{"line":43,"column":12},"end":{"line":43,"column":98}},"15":{"start":{"line":43,"column":33},"end":{"line":43,"column":98}},"16":{"start":{"line":45,"column":12},"end":{"line":45,"column":51}},"17":{"start":{"line":47,"column":12},"end":{"line":47,"column":80}},"18":{"start":{"line":52,"column":8},"end":{"line":62,"column":9}},"19":{"start":{"line":53,"column":27},"end":{"line":53,"column":66}},"20":{"start":{"line":55,"column":12},"end":{"line":57,"column":13}},"21":{"start":{"line":56,"column":16},"end":{"line":56,"column":26}},"22":{"start":{"line":59,"column":12},"end":{"line":59,"column":45}},"23":{"start":{"line":61,"column":12},"end":{"line":61,"column":80}},"24":{"start":{"line":66,"column":8},"end":{"line":81,"column":9}},"25":{"start":{"line":67,"column":35},"end":{"line":69,"column":14}},"26":{"start":{"line":71,"column":12},"end":{"line":71,"column":98}},"27":{"start":{"line":71,"column":33},"end":{"line":71,"column":98}},"28":{"start":{"line":73,"column":33},"end":{"line":76,"column":14}},"29":{"start":{"line":78,"column":12},"end":{"line":78,"column":49}},"30":{"start":{"line":80,"column":12},"end":{"line":80,"column":73}},"31":{"start":{"line":5,"column":0},"end":{"line":5,"column":13}}},"fnMap":{"0":{"name":"(anonymous_0)","decl":{"start":{"line":7,"column":4},"end":{"line":7,"column":9}},"loc":{"start":{"line":7,"column":41},"end":{"line":19,"column":5}}},"1":{"name":"(anonymous_1)","decl":{"start":{"line":21,"column":4},"end":{"line":21,"column":9}},"loc":{"start":{"line":21,"column":40},"end":{"line":35,"column":5}}},"2":{"name":"(anonymous_2)","decl":{"start":{"line":37,"column":4},"end":{"line":37,"column":9}},"loc":{"start":{"line":37,"column":44},"end":{"line":49,"column":5}}},"3":{"name":"(anonymous_3)","decl":{"start":{"line":51,"column":4},"end":{"line":51,"column":9}},"loc":{"start":{"line":51,"column":35},"end":{"line":63,"column":5}}},"4":{"name":"(anonymous_4)","decl":{"start":{"line":65,"column":4},"end":{"line":65,"column":9}},"loc":{"start":{"line":65,"column":54},"end":{"line":82,"column":5}}}},"branchMap":{"0":{"loc":{"start":{"line":27,"column":12},"end":{"line":27,"column":98}},"type":"if","locations":[{"start":{"line":27,"column":12},"end":{"line":27,"column":98}}]},"1":{"loc":{"start":{"line":43,"column":12},"end":{"line":43,"column":98}},"type":"if","locations":[{"start":{"line":43,"column":12},"end":{"line":43,"column":98}}]},"2":{"loc":{"start":{"line":55,"column":12},"end":{"line":57,"column":13}},"type":"if","locations":[{"start":{"line":55,"column":12},"end":{"line":57,"column":13}}]},"3":{"loc":{"start":{"line":71,"column":12},"end":{"line":71,"column":98}},"type":"if","locations":[{"start":{"line":71,"column":12},"end":{"line":71,"column":98}}]}},"s":{"0":16,"1":1,"2":1,"3":1,"4":0,"5":1,"6":1,"7":1,"8":0,"9":1,"10":1,"11":0,"12":1,"13":1,"14":1,"15":0,"16":1,"17":0,"18":1,"19":1,"20":1,"21":0,"22":1,"23":0,"24":1,"25":1,"26":1,"27":0,"28":1,"29":1,"30":0,"31":16},"f":{"0":1,"1":1,"2":1,"3":1,"4":1},"b":{"0":[0],"1":[0],"2":[0],"3":[0]}}
,"/home/grmaia/fiap_fase02/src/repositories/pg/postagem.repository.ts": {"path":"/home/grmaia/fiap_fase02/src/repositories/pg/postagem.repository.ts","statementMap":{"0":{"start":{"line":1,"column":0},"end":{"line":1,"column":44}},"1":{"start":{"line":7,"column":8},"end":{"line":31,"column":9}},"2":{"start":{"line":8,"column":33},"end":{"line":16,"column":14}},"3":{"start":{"line":18,"column":46},"end":{"line":26,"column":14}},"4":{"start":{"line":28,"column":12},"end":{"line":28,"column":47}},"5":{"start":{"line":30,"column":12},"end":{"line":30,"column":64}},"6":{"start":{"line":35,"column":8},"end":{"line":47,"column":9}},"7":{"start":{"line":36,"column":38},"end":{"line":38,"column":14}},"8":{"start":{"line":40,"column":12},"end":{"line":40,"column":93}},"9":{"start":{"line":40,"column":36},"end":{"line":40,"column":93}},"10":{"start":{"line":42,"column":12},"end":{"line":42,"column":67}},"11":{"start":{"line":44,"column":12},"end":{"line":44,"column":50}},"12":{"start":{"line":46,"column":12},"end":{"line":46,"column":66}},"13":{"start":{"line":51,"column":8},"end":{"line":61,"column":9}},"14":{"start":{"line":52,"column":38},"end":{"line":54,"column":14}},"15":{"start":{"line":56,"column":12},"end":{"line":56,"column":93}},"16":{"start":{"line":56,"column":36},"end":{"line":56,"column":93}},"17":{"start":{"line":58,"column":12},"end":{"line":58,"column":50}},"18":{"start":{"line":60,"column":12},"end":{"line":60,"column":72}},"19":{"start":{"line":65,"column":8},"end":{"line":75,"column":9}},"20":{"start":{"line":66,"column":30},"end":{"line":66,"column":65}},"21":{"start":{"line":68,"column":12},"end":{"line":70,"column":13}},"22":{"start":{"line":69,"column":16},"end":{"line":69,"column":26}},"23":{"start":{"line":72,"column":12},"end":{"line":72,"column":44}},"24":{"start":{"line":74,"column":12},"end":{"line":74,"column":72}},"25":{"start":{"line":79,"column":8},"end":{"line":95,"column":9}},"26":{"start":{"line":80,"column":38},"end":{"line":80,"column":96}},"27":{"start":{"line":82,"column":12},"end":{"line":82,"column":93}},"28":{"start":{"line":82,"column":36},"end":{"line":82,"column":93}},"29":{"start":{"line":84,"column":39},"end":{"line":91,"column":14}},"30":{"start":{"line":92,"column":12},"end":{"line":92,"column":51}},"31":{"start":{"line":94,"column":12},"end":{"line":94,"column":65}},"32":{"start":{"line":99,"column":8},"end":{"line":113,"column":9}},"33":{"start":{"line":100,"column":30},"end":{"line":107,"column":14}},"34":{"start":{"line":108,"column":12},"end":{"line":108,"column":50}},"35":{"start":{"line":108,"column":40},"end":{"line":108,"column":50}},"36":{"start":{"line":110,"column":12},"end":{"line":110,"column":44}},"37":{"start":{"line":112,"column":12},"end":{"line":112,"column":83}},"38":{"start":{"line":5,"column":0},"end":{"line":5,"column":13}}},"fnMap":{"0":{"name":"(anonymous_0)","decl":{"start":{"line":6,"column":4},"end":{"line":6,"column":9}},"loc":{"start":{"line":6,"column":43},"end":{"line":32,"column":5}}},"1":{"name":"(anonymous_1)","decl":{"start":{"line":34,"column":4},"end":{"line":34,"column":9}},"loc":{"start":{"line":34,"column":36},"end":{"line":48,"column":5}}},"2":{"name":"(anonymous_2)","decl":{"start":{"line":50,"column":4},"end":{"line":50,"column":9}},"loc":{"start":{"line":50,"column":40},"end":{"line":62,"column":5}}},"3":{"name":"(anonymous_3)","decl":{"start":{"line":64,"column":4},"end":{"line":64,"column":9}},"loc":{"start":{"line":64,"column":30},"end":{"line":76,"column":5}}},"4":{"name":"(anonymous_4)","decl":{"start":{"line":78,"column":4},"end":{"line":78,"column":9}},"loc":{"start":{"line":78,"column":56},"end":{"line":96,"column":5}}},"5":{"name":"(anonymous_5)","decl":{"start":{"line":98,"column":4},"end":{"line":98,"column":9}},"loc":{"start":{"line":98,"column":61},"end":{"line":114,"column":5}}}},"branchMap":{"0":{"loc":{"start":{"line":40,"column":12},"end":{"line":40,"column":93}},"type":"if","locations":[{"start":{"line":40,"column":12},"end":{"line":40,"column":93}}]},"1":{"loc":{"start":{"line":56,"column":12},"end":{"line":56,"column":93}},"type":"if","locations":[{"start":{"line":56,"column":12},"end":{"line":56,"column":93}}]},"2":{"loc":{"start":{"line":68,"column":12},"end":{"line":70,"column":13}},"type":"if","locations":[{"start":{"line":68,"column":12},"end":{"line":70,"column":13}}]},"3":{"loc":{"start":{"line":82,"column":12},"end":{"line":82,"column":93}},"type":"if","locations":[{"start":{"line":82,"column":12},"end":{"line":82,"column":93}}]},"4":{"loc":{"start":{"line":108,"column":12},"end":{"line":108,"column":50}},"type":"if","locations":[{"start":{"line":108,"column":12},"end":{"line":108,"column":50}}]}},"s":{"0":19,"1":1,"2":1,"3":1,"4":1,"5":0,"6":1,"7":1,"8":1,"9":0,"10":1,"11":1,"12":0,"13":1,"14":1,"15":1,"16":0,"17":1,"18":0,"19":1,"20":1,"21":1,"22":0,"23":1,"24":0,"25":1,"26":1,"27":1,"28":0,"29":1,"30":1,"31":0,"32":1,"33":1,"34":1,"35":0,"36":1,"37":0,"38":19},"f":{"0":1,"1":1,"2":1,"3":1,"4":1,"5":1},"b":{"0":[0],"1":[0],"2":[0],"3":[0],"4":[0]}}
,"/home/grmaia/fiap_fase02/src/repositories/pg/usuario.repository.ts": {"path":"/home/grmaia/fiap_fase02/src/repositories/pg/usuario.repository.ts","statementMap":{"0":{"start":{"line":3,"column":0},"end":{"line":3,"column":44}},"1":{"start":{"line":8,"column":8},"end":{"line":25,"column":9}},"2":{"start":{"line":9,"column":37},"end":{"line":9,"column":94}},"3":{"start":{"line":11,"column":12},"end":{"line":11,"column":91}},"4":{"start":{"line":11,"column":35},"end":{"line":11,"column":91}},"5":{"start":{"line":13,"column":38},"end":{"line":21,"column":14}},"6":{"start":{"line":22,"column":12},"end":{"line":22,"column":49}},"7":{"start":{"line":24,"column":12},"end":{"line":24,"column":64}},"8":{"start":{"line":29,"column":8},"end":{"line":53,"column":9}},"9":{"start":{"line":30,"column":32},"end":{"line":38,"column":14}},"10":{"start":{"line":40,"column":44},"end":{"line":48,"column":14}},"11":{"start":{"line":50,"column":12},"end":{"line":50,"column":45}},"12":{"start":{"line":52,"column":12},"end":{"line":52,"column":61}},"13":{"start":{"line":57,"column":8},"end":{"line":69,"column":9}},"14":{"start":{"line":58,"column":37},"end":{"line":60,"column":14}},"15":{"start":{"line":62,"column":12},"end":{"line":62,"column":91}},"16":{"start":{"line":62,"column":35},"end":{"line":62,"column":91}},"17":{"start":{"line":64,"column":12},"end":{"line":64,"column":66}},"18":{"start":{"line":66,"column":12},"end":{"line":66,"column":48}},"19":{"start":{"line":68,"column":12},"end":{"line":68,"column":65}},"20":{"start":{"line":73,"column":8},"end":{"line":83,"column":9}},"21":{"start":{"line":74,"column":29},"end":{"line":74,"column":63}},"22":{"start":{"line":76,"column":12},"end":{"line":78,"column":13}},"23":{"start":{"line":77,"column":16},"end":{"line":77,"column":26}},"24":{"start":{"line":80,"column":12},"end":{"line":80,"column":42}},"25":{"start":{"line":82,"column":12},"end":{"line":82,"column":71}},"26":{"start":{"line":87,"column":8},"end":{"line":97,"column":9}},"27":{"start":{"line":88,"column":37},"end":{"line":90,"column":14}},"28":{"start":{"line":92,"column":12},"end":{"line":92,"column":91}},"29":{"start":{"line":92,"column":35},"end":{"line":92,"column":91}},"30":{"start":{"line":94,"column":12},"end":{"line":94,"column":48}},"31":{"start":{"line":96,"column":12},"end":{"line":96,"column":71}},"32":{"start":{"line":101,"column":8},"end":{"line":111,"column":9}},"33":{"start":{"line":102,"column":37},"end":{"line":104,"column":14}},"34":{"start":{"line":106,"column":12},"end":{"line":106,"column":97}},"35":{"start":{"line":106,"column":35},"end":{"line":106,"column":97}},"36":{"start":{"line":108,"column":12},"end":{"line":108,"column":48}},"37":{"start":{"line":110,"column":12},"end":{"line":110,"column":74}},"38":{"start":{"line":5,"column":0},"end":{"line":5,"column":13}}},"fnMap":{"0":{"name":"(anonymous_0)","decl":{"start":{"line":7,"column":4},"end":{"line":7,"column":9}},"loc":{"start":{"line":7,"column":64},"end":{"line":26,"column":5}}},"1":{"name":"(anonymous_1)","decl":{"start":{"line":28,"column":4},"end":{"line":28,"column":9}},"loc":{"start":{"line":28,"column":40},"end":{"line":54,"column":5}}},"2":{"name":"(anonymous_2)","decl":{"start":{"line":56,"column":4},"end":{"line":56,"column":9}},"loc":{"start":{"line":56,"column":35},"end":{"line":70,"column":5}}},"3":{"name":"(anonymous_3)","decl":{"start":{"line":72,"column":4},"end":{"line":72,"column":9}},"loc":{"start":{"line":72,"column":29},"end":{"line":84,"column":5}}},"4":{"name":"(anonymous_4)","decl":{"start":{"line":86,"column":4},"end":{"line":86,"column":9}},"loc":{"start":{"line":86,"column":39},"end":{"line":98,"column":5}}},"5":{"name":"(anonymous_5)","decl":{"start":{"line":100,"column":4},"end":{"line":100,"column":9}},"loc":{"start":{"line":100,"column":45},"end":{"line":112,"column":5}}}},"branchMap":{"0":{"loc":{"start":{"line":11,"column":12},"end":{"line":11,"column":91}},"type":"if","locations":[{"start":{"line":11,"column":12},"end":{"line":11,"column":91}}]},"1":{"loc":{"start":{"line":62,"column":12},"end":{"line":62,"column":91}},"type":"if","locations":[{"start":{"line":62,"column":12},"end":{"line":62,"column":91}}]},"2":{"loc":{"start":{"line":76,"column":12},"end":{"line":78,"column":13}},"type":"if","locations":[{"start":{"line":76,"column":12},"end":{"line":78,"column":13}}]},"3":{"loc":{"start":{"line":92,"column":12},"end":{"line":92,"column":91}},"type":"if","locations":[{"start":{"line":92,"column":12},"end":{"line":92,"column":91}}]},"4":{"loc":{"start":{"line":106,"column":12},"end":{"line":106,"column":97}},"type":"if","locations":[{"start":{"line":106,"column":12},"end":{"line":106,"column":97}}]}},"s":{"0":17,"1":1,"2":1,"3":1,"4":0,"5":1,"6":1,"7":0,"8":1,"9":1,"10":1,"11":1,"12":0,"13":1,"14":1,"15":1,"16":0,"17":1,"18":1,"19":0,"20":1,"21":1,"22":1,"23":0,"24":1,"25":0,"26":1,"27":1,"28":1,"29":0,"30":1,"31":0,"32":1,"33":1,"34":1,"35":0,"36":1,"37":0,"38":17},"f":{"0":1,"1":1,"2":1,"3":1,"4":1,"5":1},"b":{"0":[0],"1":[0],"2":[0],"3":[0],"4":[0]}}
,"/home/grmaia/fiap_fase02/src/use-cases/papelUsuarioUseCases/buscarPorID-papelUsuario.ts": {"path":"/home/grmaia/fiap_fase02/src/use-cases/papelUsuarioUseCases/buscarPorID-papelUsuario.ts","statementMap":{"0":{"start":{"line":5,"column":24},"end":{"line":5,"column":71}},"1":{"start":{"line":8,"column":8},"end":{"line":8,"column":71}},"2":{"start":{"line":4,"column":0},"end":{"line":4,"column":13}}},"fnMap":{"0":{"name":"(anonymous_0)","decl":{"start":{"line":5,"column":4},"end":{"line":5,"column":24}},"loc":{"start":{"line":5,"column":71},"end":{"line":5,"column":76}}},"1":{"name":"(anonymous_1)","decl":{"start":{"line":7,"column":4},"end":{"line":7,"column":9}},"loc":{"start":{"line":7,"column":30},"end":{"line":9,"column":5}}}},"branchMap":{},"s":{"0":4,"1":0,"2":3},"f":{"0":4,"1":0},"b":{}}
,"/home/grmaia/fiap_fase02/src/use-cases/papelUsuarioUseCases/buscarTodos-papelUsuario.ts": {"path":"/home/grmaia/fiap_fase02/src/use-cases/papelUsuarioUseCases/buscarTodos-papelUsuario.ts","statementMap":{"0":{"start":{"line":5,"column":24},"end":{"line":5,"column":71}},"1":{"start":{"line":8,"column":8},"end":{"line":8,"column":71}},"2":{"start":{"line":4,"column":0},"end":{"line":4,"column":13}}},"fnMap":{"0":{"name":"(anonymous_0)","decl":{"start":{"line":5,"column":4},"end":{"line":5,"column":24}},"loc":{"start":{"line":5,"column":71},"end":{"line":5,"column":76}}},"1":{"name":"(anonymous_1)","decl":{"start":{"line":7,"column":4},"end":{"line":7,"column":9}},"loc":{"start":{"line":7,"column":19},"end":{"line":9,"column":5}}}},"branchMap":{},"s":{"0":4,"1":0,"2":3},"f":{"0":4,"1":0},"b":{}}
,"/home/grmaia/fiap_fase02/src/use-cases/papelUsuarioUseCases/criar-papelUsuario.ts": {"path":"/home/grmaia/fiap_fase02/src/use-cases/papelUsuarioUseCases/criar-papelUsuario.ts","statementMap":{"0":{"start":{"line":5,"column":24},"end":{"line":5,"column":71}},"1":{"start":{"line":8,"column":8},"end":{"line":8,"column":null}},"2":{"start":{"line":4,"column":0},"end":{"line":4,"column":13}}},"fnMap":{"0":{"name":"(anonymous_0)","decl":{"start":{"line":5,"column":4},"end":{"line":5,"column":24}},"loc":{"start":{"line":5,"column":71},"end":{"line":5,"column":76}}},"1":{"name":"(anonymous_1)","decl":{"start":{"line":7,"column":4},"end":{"line":7,"column":9}},"loc":{"start":{"line":7,"column":33},"end":{"line":9,"column":5}}}},"branchMap":{},"s":{"0":4,"1":0,"2":3},"f":{"0":4,"1":0},"b":{}}
,"/home/grmaia/fiap_fase02/src/use-cases/papelUsuarioUseCases/deletar-papelUsuario.ts": {"path":"/home/grmaia/fiap_fase02/src/use-cases/papelUsuarioUseCases/deletar-papelUsuario.ts","statementMap":{"0":{"start":{"line":5,"column":24},"end":{"line":5,"column":71}},"1":{"start":{"line":8,"column":8},"end":{"line":8,"column":67}},"2":{"start":{"line":4,"column":0},"end":{"line":4,"column":13}}},"fnMap":{"0":{"name":"(anonymous_0)","decl":{"start":{"line":5,"column":4},"end":{"line":5,"column":24}},"loc":{"start":{"line":5,"column":71},"end":{"line":5,"column":76}}},"1":{"name":"(anonymous_1)","decl":{"start":{"line":7,"column":4},"end":{"line":7,"column":9}},"loc":{"start":{"line":7,"column":30},"end":{"line":9,"column":5}}}},"branchMap":{},"s":{"0":4,"1":0,"2":3},"f":{"0":4,"1":0},"b":{}}
,"/home/grmaia/fiap_fase02/src/use-cases/papelUsuarioUseCases/editar-papelUsuario.ts": {"path":"/home/grmaia/fiap_fase02/src/use-cases/papelUsuarioUseCases/editar-papelUsuario.ts","statementMap":{"0":{"start":{"line":5,"column":24},"end":{"line":5,"column":71}},"1":{"start":{"line":8,"column":8},"end":{"line":8,"column":80}},"2":{"start":{"line":4,"column":0},"end":{"line":4,"column":13}}},"fnMap":{"0":{"name":"(anonymous_0)","decl":{"start":{"line":5,"column":4},"end":{"line":5,"column":24}},"loc":{"start":{"line":5,"column":71},"end":{"line":5,"column":76}}},"1":{"name":"(anonymous_1)","decl":{"start":{"line":7,"column":4},"end":{"line":7,"column":9}},"loc":{"start":{"line":7,"column":52},"end":{"line":9,"column":5}}}},"branchMap":{},"s":{"0":4,"1":0,"2":3},"f":{"0":4,"1":0},"b":{}}
,"/home/grmaia/fiap_fase02/src/use-cases/papelUsuarioUseCases/factory/fabricaBuscarPorID-papelUsuario.ts": {"path":"/home/grmaia/fiap_fase02/src/use-cases/papelUsuarioUseCases/factory/fabricaBuscarPorID-papelUsuario.ts","statementMap":{"0":{"start":{"line":4,"column":0},"end":{"line":4,"column":7}},"1":{"start":{"line":1,"column":0},"end":{"line":1,"column":90}},"2":{"start":{"line":2,"column":0},"end":{"line":2,"column":77}},"3":{"start":{"line":5,"column":4},"end":{"line":5,"column":null}}},"fnMap":{"0":{"name":"fabricaBuscarPorIDPapelUsuario","decl":{"start":{"line":4,"column":22},"end":{"line":4,"column":52}},"loc":{"start":{"line":4,"column":52},"end":{"line":6,"column":1}}}},"branchMap":{},"s":{"0":3,"1":3,"2":3,"3":4},"f":{"0":4},"b":{}}
,"/home/grmaia/fiap_fase02/src/use-cases/papelUsuarioUseCases/factory/fabricaBuscarTodos-papelUsuario.ts": {"path":"/home/grmaia/fiap_fase02/src/use-cases/papelUsuarioUseCases/factory/fabricaBuscarTodos-papelUsuario.ts","statementMap":{"0":{"start":{"line":4,"column":0},"end":{"line":4,"column":7}},"1":{"start":{"line":1,"column":0},"end":{"line":1,"column":90}},"2":{"start":{"line":2,"column":0},"end":{"line":2,"column":79}},"3":{"start":{"line":5,"column":4},"end":{"line":5,"column":null}}},"fnMap":{"0":{"name":"fabricaBuscarTodosPapelUsuario","decl":{"start":{"line":4,"column":22},"end":{"line":4,"column":52}},"loc":{"start":{"line":4,"column":52},"end":{"line":6,"column":1}}}},"branchMap":{},"s":{"0":3,"1":3,"2":3,"3":4},"f":{"0":4},"b":{}}
,"/home/grmaia/fiap_fase02/src/use-cases/papelUsuarioUseCases/factory/fabricaCria-papelUsuario.ts": {"path":"/home/grmaia/fiap_fase02/src/use-cases/papelUsuarioUseCases/factory/fabricaCria-papelUsuario.ts","statementMap":{"0":{"start":{"line":4,"column":0},"end":{"line":4,"column":7}},"1":{"start":{"line":1,"column":0},"end":{"line":1,"column":90}},"2":{"start":{"line":2,"column":0},"end":{"line":2,"column":65}},"3":{"start":{"line":5,"column":4},"end":{"line":5,"column":null}}},"fnMap":{"0":{"name":"fabricaCriaPapelUsuario","decl":{"start":{"line":4,"column":22},"end":{"line":4,"column":45}},"loc":{"start":{"line":4,"column":45},"end":{"line":6,"column":1}}}},"branchMap":{},"s":{"0":3,"1":3,"2":3,"3":4},"f":{"0":4},"b":{}}
,"/home/grmaia/fiap_fase02/src/use-cases/papelUsuarioUseCases/factory/fabricaDeleta-papelUsuario.ts": {"path":"/home/grmaia/fiap_fase02/src/use-cases/papelUsuarioUseCases/factory/fabricaDeleta-papelUsuario.ts","statementMap":{"0":{"start":{"line":4,"column":0},"end":{"line":4,"column":7}},"1":{"start":{"line":1,"column":0},"end":{"line":1,"column":90}},"2":{"start":{"line":2,"column":0},"end":{"line":2,"column":69}},"3":{"start":{"line":5,"column":4},"end":{"line":5,"column":null}}},"fnMap":{"0":{"name":"fabricaDeletaPapelUsuario","decl":{"start":{"line":4,"column":22},"end":{"line":4,"column":47}},"loc":{"start":{"line":4,"column":47},"end":{"line":6,"column":1}}}},"branchMap":{},"s":{"0":3,"1":3,"2":3,"3":4},"f":{"0":4},"b":{}}
,"/home/grmaia/fiap_fase02/src/use-cases/papelUsuarioUseCases/factory/fabricaEditar-papelUsuario.ts": {"path":"/home/grmaia/fiap_fase02/src/use-cases/papelUsuarioUseCases/factory/fabricaEditar-papelUsuario.ts","statementMap":{"0":{"start":{"line":4,"column":0},"end":{"line":4,"column":7}},"1":{"start":{"line":1,"column":0},"end":{"line":1,"column":90}},"2":{"start":{"line":2,"column":0},"end":{"line":2,"column":67}},"3":{"start":{"line":5,"column":4},"end":{"line":5,"column":null}}},"fnMap":{"0":{"name":"fabricaEditarPapelUsuario","decl":{"start":{"line":4,"column":22},"end":{"line":4,"column":47}},"loc":{"start":{"line":4,"column":47},"end":{"line":6,"column":1}}}},"branchMap":{},"s":{"0":3,"1":3,"2":3,"3":4},"f":{"0":4},"b":{}}
,"/home/grmaia/fiap_fase02/src/use-cases/postagemUseCases/buscarPorChave-postagem.ts": {"path":"/home/grmaia/fiap_fase02/src/use-cases/postagemUseCases/buscarPorChave-postagem.ts","statementMap":{"0":{"start":{"line":5,"column":24},"end":{"line":5,"column":63}},"1":{"start":{"line":8,"column":8},"end":{"line":8,"column":84}},"2":{"start":{"line":4,"column":0},"end":{"line":4,"column":13}}},"fnMap":{"0":{"name":"(anonymous_0)","decl":{"start":{"line":5,"column":4},"end":{"line":5,"column":24}},"loc":{"start":{"line":5,"column":63},"end":{"line":5,"column":68}}},"1":{"name":"(anonymous_1)","decl":{"start":{"line":7,"column":4},"end":{"line":7,"column":9}},"loc":{"start":{"line":7,"column":40},"end":{"line":9,"column":5}}}},"branchMap":{},"s":{"0":4,"1":0,"2":3},"f":{"0":4,"1":0},"b":{}}
,"/home/grmaia/fiap_fase02/src/use-cases/postagemUseCases/buscarPorID-postagem.ts": {"path":"/home/grmaia/fiap_fase02/src/use-cases/postagemUseCases/buscarPorID-postagem.ts","statementMap":{"0":{"start":{"line":5,"column":24},"end":{"line":5,"column":63}},"1":{"start":{"line":8,"column":8},"end":{"line":8,"column":63}},"2":{"start":{"line":4,"column":0},"end":{"line":4,"column":13}}},"fnMap":{"0":{"name":"(anonymous_0)","decl":{"start":{"line":5,"column":4},"end":{"line":5,"column":24}},"loc":{"start":{"line":5,"column":63},"end":{"line":5,"column":68}}},"1":{"name":"(anonymous_1)","decl":{"start":{"line":7,"column":4},"end":{"line":7,"column":9}},"loc":{"start":{"line":7,"column":30},"end":{"line":9,"column":5}}}},"branchMap":{},"s":{"0":4,"1":0,"2":3},"f":{"0":4,"1":0},"b":{}}
,"/home/grmaia/fiap_fase02/src/use-cases/postagemUseCases/buscarTodos-postagem.ts": {"path":"/home/grmaia/fiap_fase02/src/use-cases/postagemUseCases/buscarTodos-postagem.ts","statementMap":{"0":{"start":{"line":5,"column":24},"end":{"line":5,"column":63}},"1":{"start":{"line":8,"column":8},"end":{"line":8,"column":62}},"2":{"start":{"line":4,"column":0},"end":{"line":4,"column":13}}},"fnMap":{"0":{"name":"(anonymous_0)","decl":{"start":{"line":5,"column":4},"end":{"line":5,"column":24}},"loc":{"start":{"line":5,"column":63},"end":{"line":5,"column":68}}},"1":{"name":"(anonymous_1)","decl":{"start":{"line":7,"column":4},"end":{"line":7,"column":9}},"loc":{"start":{"line":7,"column":19},"end":{"line":9,"column":5}}}},"branchMap":{},"s":{"0":4,"1":0,"2":3},"f":{"0":4,"1":0},"b":{}}
,"/home/grmaia/fiap_fase02/src/use-cases/postagemUseCases/criar-postagem.ts": {"path":"/home/grmaia/fiap_fase02/src/use-cases/postagemUseCases/criar-postagem.ts","statementMap":{"0":{"start":{"line":3,"column":0},"end":{"line":3,"column":54}},"1":{"start":{"line":6,"column":24},"end":{"line":6,"column":63}},"2":{"start":{"line":9,"column":28},"end":{"line":9,"column":30}},"3":{"start":{"line":11,"column":8},"end":{"line":13,"column":9}},"4":{"start":{"line":12,"column":12},"end":{"line":12,"column":56}},"5":{"start":{"line":15,"column":8},"end":{"line":18,"column":11}},"6":{"start":{"line":5,"column":0},"end":{"line":5,"column":13}}},"fnMap":{"0":{"name":"(anonymous_0)","decl":{"start":{"line":6,"column":4},"end":{"line":6,"column":24}},"loc":{"start":{"line":6,"column":63},"end":{"line":6,"column":68}}},"1":{"name":"(anonymous_1)","decl":{"start":{"line":8,"column":4},"end":{"line":8,"column":9}},"loc":{"start":{"line":8,"column":70},"end":{"line":19,"column":5}}}},"branchMap":{"0":{"loc":{"start":{"line":11,"column":8},"end":{"line":13,"column":9}},"type":"if","locations":[{"start":{"line":11,"column":8},"end":{"line":13,"column":9}}]}},"s":{"0":3,"1":6,"2":2,"3":2,"4":1,"5":2,"6":3},"f":{"0":6,"1":2},"b":{"0":[1]}}
,"/home/grmaia/fiap_fase02/src/use-cases/postagemUseCases/deletar-postagem.ts": {"path":"/home/grmaia/fiap_fase02/src/use-cases/postagemUseCases/deletar-postagem.ts","statementMap":{"0":{"start":{"line":5,"column":24},"end":{"line":5,"column":63}},"1":{"start":{"line":8,"column":8},"end":{"line":8,"column":59}},"2":{"start":{"line":4,"column":0},"end":{"line":4,"column":13}}},"fnMap":{"0":{"name":"(anonymous_0)","decl":{"start":{"line":5,"column":4},"end":{"line":5,"column":24}},"loc":{"start":{"line":5,"column":63},"end":{"line":5,"column":68}}},"1":{"name":"(anonymous_1)","decl":{"start":{"line":7,"column":4},"end":{"line":7,"column":9}},"loc":{"start":{"line":7,"column":30},"end":{"line":9,"column":5}}}},"branchMap":{},"s":{"0":4,"1":0,"2":3},"f":{"0":4,"1":0},"b":{}}
,"/home/grmaia/fiap_fase02/src/use-cases/postagemUseCases/editar-postagem.ts": {"path":"/home/grmaia/fiap_fase02/src/use-cases/postagemUseCases/editar-postagem.ts","statementMap":{"0":{"start":{"line":3,"column":0},"end":{"line":3,"column":54}},"1":{"start":{"line":4,"column":0},"end":{"line":4,"column":28}},"2":{"start":{"line":6,"column":16},"end":{"line":6,"column":82}},"3":{"start":{"line":7,"column":0},"end":{"line":7,"column":33}},"4":{"start":{"line":10,"column":24},"end":{"line":10,"column":63}},"5":{"start":{"line":18,"column":34},"end":{"line":18,"column":87}},"6":{"start":{"line":19,"column":8},"end":{"line":19,"column":44}},"7":{"start":{"line":19,"column":32},"end":{"line":19,"column":44}},"8":{"start":{"line":21,"column":8},"end":{"line":23,"column":9}},"9":{"start":{"line":22,"column":12},"end":{"line":22,"column":65}},"10":{"start":{"line":25,"column":8},"end":{"line":25,"column":68}},"11":{"start":{"line":9,"column":0},"end":{"line":9,"column":13}}},"fnMap":{"0":{"name":"(anonymous_1)","decl":{"start":{"line":10,"column":4},"end":{"line":10,"column":24}},"loc":{"start":{"line":10,"column":63},"end":{"line":10,"column":68}}},"1":{"name":"(anonymous_2)","decl":{"start":{"line":12,"column":4},"end":{"line":12,"column":9}},"loc":{"start":{"line":15,"column":37},"end":{"line":26,"column":5}}}},"branchMap":{"0":{"loc":{"start":{"line":6,"column":16},"end":{"line":6,"column":82}},"type":"cond-expr","locations":[{"start":{"line":6,"column":56},"end":{"line":6,"column":67}},{"start":{"line":6,"column":70},"end":{"line":6,"column":82}}]},"1":{"loc":{"start":{"line":19,"column":8},"end":{"line":19,"column":44}},"type":"if","locations":[{"start":{"line":19,"column":8},"end":{"line":19,"column":44}}]},"2":{"loc":{"start":{"line":21,"column":8},"end":{"line":23,"column":9}},"type":"if","locations":[{"start":{"line":21,"column":8},"end":{"line":23,"column":9}}]}},"s":{"0":3,"1":3,"2":3,"3":3,"4":4,"5":0,"6":0,"7":0,"8":0,"9":0,"10":0,"11":3},"f":{"0":4,"1":0},"b":{"0":[0,3],"1":[0],"2":[0]}}
,"/home/grmaia/fiap_fase02/src/use-cases/postagemUseCases/uploadImgBB-postagem.ts": {"path":"/home/grmaia/fiap_fase02/src/use-cases/postagemUseCases/uploadImgBB-postagem.ts","statementMap":{"0":{"start":{"line":6,"column":0},"end":{"line":6,"column":7}},"1":{"start":{"line":1,"column":0},"end":{"line":1,"column":20}},"2":{"start":{"line":2,"column":0},"end":{"line":2,"column":24}},"3":{"start":{"line":3,"column":0},"end":{"line":3,"column":33}},"4":{"start":{"line":4,"column":0},"end":{"line":4,"column":26}},"5":{"start":{"line":7,"column":4},"end":{"line":7,"column":28}},"6":{"start":{"line":7,"column":18},"end":{"line":7,"column":28}},"7":{"start":{"line":9,"column":24},"end":{"line":9,"column":26}},"8":{"start":{"line":11,"column":4},"end":{"line":23,"column":5}},"9":{"start":{"line":12,"column":25},"end":{"line":12,"column":50}},"10":{"start":{"line":13,"column":25},"end":{"line":13,"column":39}},"11":{"start":{"line":14,"column":8},"end":{"line":14,"column":68}},"12":{"start":{"line":16,"column":30},"end":{"line":19,"column":null}},"13":{"start":{"line":22,"column":8},"end":{"line":22,"column":52}},"14":{"start":{"line":25,"column":4},"end":{"line":33,"column":5}},"15":{"start":{"line":26,"column":29},"end":{"line":26,"column":69}},"16":{"start":{"line":27,"column":8},"end":{"line":27,"column":90}},"17":{"start":{"line":27,"column":42},"end":{"line":27,"column":90}},"18":{"start":{"line":29,"column":29},"end":{"line":29,"column":70}},"19":{"start":{"line":30,"column":8},"end":{"line":30,"column":52}},"20":{"start":{"line":32,"column":8},"end":{"line":32,"column":37}},"21":{"start":{"line":35,"column":4},"end":{"line":35,"column":25}}},"fnMap":{"0":{"name":"uploadImagem","decl":{"start":{"line":6,"column":22},"end":{"line":6,"column":34}},"loc":{"start":{"line":6,"column":64},"end":{"line":36,"column":1}}}},"branchMap":{"0":{"loc":{"start":{"line":7,"column":4},"end":{"line":7,"column":28}},"type":"if","locations":[{"start":{"line":7,"column":4},"end":{"line":7,"column":28}}]},"1":{"loc":{"start":{"line":11,"column":4},"end":{"line":23,"column":5}},"type":"if","locations":[{"start":{"line":11,"column":4},"end":{"line":23,"column":5}}]},"2":{"loc":{"start":{"line":25,"column":4},"end":{"line":33,"column":5}},"type":"if","locations":[{"start":{"line":25,"column":4},"end":{"line":33,"column":5}}]},"3":{"loc":{"start":{"line":27,"column":8},"end":{"line":27,"column":90}},"type":"if","locations":[{"start":{"line":27,"column":8},"end":{"line":27,"column":90}}]}},"s":{"0":7,"1":7,"2":7,"3":7,"4":7,"5":2,"6":1,"7":1,"8":1,"9":0,"10":0,"11":0,"12":0,"13":0,"14":1,"15":0,"16":0,"17":0,"18":0,"19":0,"20":0,"21":1},"f":{"0":2},"b":{"0":[1],"1":[0],"2":[0],"3":[0]}}
,"/home/grmaia/fiap_fase02/src/use-cases/postagemUseCases/factory/fabricaBuscarPorChave-postagem.ts": {"path":"/home/grmaia/fiap_fase02/src/use-cases/postagemUseCases/factory/fabricaBuscarPorChave-postagem.ts","statementMap":{"0":{"start":{"line":4,"column":0},"end":{"line":4,"column":7}},"1":{"start":{"line":1,"column":0},"end":{"line":1,"column":82}},"2":{"start":{"line":2,"column":0},"end":{"line":2,"column":82}},"3":{"start":{"line":5,"column":4},"end":{"line":5,"column":78}}},"fnMap":{"0":{"name":"fabricaBuscarPorPostagemPorPalavraChave","decl":{"start":{"line":4,"column":22},"end":{"line":4,"column":61}},"loc":{"start":{"line":4,"column":61},"end":{"line":6,"column":1}}}},"branchMap":{},"s":{"0":3,"1":3,"2":3,"3":4},"f":{"0":4},"b":{}}
,"/home/grmaia/fiap_fase02/src/use-cases/postagemUseCases/factory/fabricaBuscarPorID-postagem.ts": {"path":"/home/grmaia/fiap_fase02/src/use-cases/postagemUseCases/factory/fabricaBuscarPorID-postagem.ts","statementMap":{"0":{"start":{"line":4,"column":0},"end":{"line":4,"column":7}},"1":{"start":{"line":1,"column":0},"end":{"line":1,"column":82}},"2":{"start":{"line":2,"column":0},"end":{"line":2,"column":89}},"3":{"start":{"line":5,"column":4},"end":{"line":5,"column":68}}},"fnMap":{"0":{"name":"fabricaBuscarPorIDPostagem","decl":{"start":{"line":4,"column":22},"end":{"line":4,"column":48}},"loc":{"start":{"line":4,"column":48},"end":{"line":6,"column":1}}}},"branchMap":{},"s":{"0":3,"1":3,"2":3,"3":4},"f":{"0":4},"b":{}}
,"/home/grmaia/fiap_fase02/src/use-cases/postagemUseCases/factory/fabricaBuscarTodos-postagem.ts": {"path":"/home/grmaia/fiap_fase02/src/use-cases/postagemUseCases/factory/fabricaBuscarTodos-postagem.ts","statementMap":{"0":{"start":{"line":4,"column":0},"end":{"line":4,"column":7}},"1":{"start":{"line":1,"column":0},"end":{"line":1,"column":82}},"2":{"start":{"line":2,"column":0},"end":{"line":2,"column":90}},"3":{"start":{"line":5,"column":4},"end":{"line":5,"column":69}}},"fnMap":{"0":{"name":"fabricaBuscarTodosPostagem","decl":{"start":{"line":4,"column":22},"end":{"line":4,"column":48}},"loc":{"start":{"line":4,"column":48},"end":{"line":6,"column":1}}}},"branchMap":{},"s":{"0":3,"1":3,"2":3,"3":4},"f":{"0":4},"b":{}}
,"/home/grmaia/fiap_fase02/src/use-cases/postagemUseCases/factory/fabricaCria-postagem.ts": {"path":"/home/grmaia/fiap_fase02/src/use-cases/postagemUseCases/factory/fabricaCria-postagem.ts","statementMap":{"0":{"start":{"line":4,"column":0},"end":{"line":4,"column":7}},"1":{"start":{"line":1,"column":0},"end":{"line":1,"column":82}},"2":{"start":{"line":2,"column":0},"end":{"line":2,"column":77}},"3":{"start":{"line":5,"column":4},"end":{"line":5,"column":62}}},"fnMap":{"0":{"name":"fabricaCriarPostagem","decl":{"start":{"line":4,"column":22},"end":{"line":4,"column":42}},"loc":{"start":{"line":4,"column":42},"end":{"line":6,"column":1}}}},"branchMap":{},"s":{"0":3,"1":3,"2":3,"3":4},"f":{"0":4},"b":{}}
,"/home/grmaia/fiap_fase02/src/use-cases/postagemUseCases/factory/fabricaDeleta-postagem.ts": {"path":"/home/grmaia/fiap_fase02/src/use-cases/postagemUseCases/factory/fabricaDeleta-postagem.ts","statementMap":{"0":{"start":{"line":4,"column":0},"end":{"line":4,"column":7}},"1":{"start":{"line":1,"column":0},"end":{"line":1,"column":82}},"2":{"start":{"line":2,"column":0},"end":{"line":2,"column":81}},"3":{"start":{"line":5,"column":4},"end":{"line":5,"column":64}}},"fnMap":{"0":{"name":"fabricaDeletarPostagem","decl":{"start":{"line":4,"column":22},"end":{"line":4,"column":44}},"loc":{"start":{"line":4,"column":44},"end":{"line":6,"column":1}}}},"branchMap":{},"s":{"0":3,"1":3,"2":3,"3":4},"f":{"0":4},"b":{}}
,"/home/grmaia/fiap_fase02/src/use-cases/postagemUseCases/factory/fabricaEditar-postagem.ts": {"path":"/home/grmaia/fiap_fase02/src/use-cases/postagemUseCases/factory/fabricaEditar-postagem.ts","statementMap":{"0":{"start":{"line":4,"column":0},"end":{"line":4,"column":7}},"1":{"start":{"line":1,"column":0},"end":{"line":1,"column":82}},"2":{"start":{"line":2,"column":0},"end":{"line":2,"column":79}},"3":{"start":{"line":5,"column":4},"end":{"line":5,"column":63}}},"fnMap":{"0":{"name":"fabricaEditarPostagem","decl":{"start":{"line":4,"column":22},"end":{"line":4,"column":43}},"loc":{"start":{"line":4,"column":43},"end":{"line":6,"column":1}}}},"branchMap":{},"s":{"0":3,"1":3,"2":3,"3":4},"f":{"0":4},"b":{}}
,"/home/grmaia/fiap_fase02/src/use-cases/usuarioUseCases/buscarPorID-usuario.ts": {"path":"/home/grmaia/fiap_fase02/src/use-cases/usuarioUseCases/buscarPorID-usuario.ts","statementMap":{"0":{"start":{"line":5,"column":24},"end":{"line":5,"column":61}},"1":{"start":{"line":8,"column":8},"end":{"line":8,"column":61}},"2":{"start":{"line":4,"column":0},"end":{"line":4,"column":13}}},"fnMap":{"0":{"name":"(anonymous_0)","decl":{"start":{"line":5,"column":4},"end":{"line":5,"column":24}},"loc":{"start":{"line":5,"column":61},"end":{"line":5,"column":66}}},"1":{"name":"(anonymous_1)","decl":{"start":{"line":7,"column":4},"end":{"line":7,"column":9}},"loc":{"start":{"line":7,"column":30},"end":{"line":9,"column":5}}}},"branchMap":{},"s":{"0":4,"1":0,"2":3},"f":{"0":4,"1":0},"b":{}}
,"/home/grmaia/fiap_fase02/src/use-cases/usuarioUseCases/buscarTodos-usuario.ts": {"path":"/home/grmaia/fiap_fase02/src/use-cases/usuarioUseCases/buscarTodos-usuario.ts","statementMap":{"0":{"start":{"line":5,"column":24},"end":{"line":5,"column":61}},"1":{"start":{"line":8,"column":8},"end":{"line":8,"column":60}},"2":{"start":{"line":4,"column":0},"end":{"line":4,"column":13}}},"fnMap":{"0":{"name":"(anonymous_0)","decl":{"start":{"line":5,"column":4},"end":{"line":5,"column":24}},"loc":{"start":{"line":5,"column":61},"end":{"line":5,"column":66}}},"1":{"name":"(anonymous_1)","decl":{"start":{"line":7,"column":4},"end":{"line":7,"column":9}},"loc":{"start":{"line":7,"column":19},"end":{"line":9,"column":5}}}},"branchMap":{},"s":{"0":4,"1":0,"2":3},"f":{"0":4,"1":0},"b":{}}
,"/home/grmaia/fiap_fase02/src/use-cases/usuarioUseCases/criar-usuario.ts": {"path":"/home/grmaia/fiap_fase02/src/use-cases/usuarioUseCases/criar-usuario.ts","statementMap":{"0":{"start":{"line":3,"column":0},"end":{"line":3,"column":28}},"1":{"start":{"line":4,"column":0},"end":{"line":4,"column":28}},"2":{"start":{"line":6,"column":16},"end":{"line":6,"column":82}},"3":{"start":{"line":7,"column":0},"end":{"line":7,"column":33}},"4":{"start":{"line":10,"column":24},"end":{"line":10,"column":61}},"5":{"start":{"line":13,"column":28},"end":{"line":13,"column":66}},"6":{"start":{"line":14,"column":8},"end":{"line":14,"column":70}},"7":{"start":{"line":16,"column":8},"end":{"line":16,"column":60}},"8":{"start":{"line":9,"column":0},"end":{"line":9,"column":13}}},"fnMap":{"0":{"name":"(anonymous_1)","decl":{"start":{"line":10,"column":4},"end":{"line":10,"column":24}},"loc":{"start":{"line":10,"column":61},"end":{"line":10,"column":66}}},"1":{"name":"(anonymous_2)","decl":{"start":{"line":12,"column":4},"end":{"line":12,"column":9}},"loc":{"start":{"line":12,"column":37},"end":{"line":17,"column":5}}}},"branchMap":{"0":{"loc":{"start":{"line":6,"column":16},"end":{"line":6,"column":82}},"type":"cond-expr","locations":[{"start":{"line":6,"column":56},"end":{"line":6,"column":67}},{"start":{"line":6,"column":70},"end":{"line":6,"column":82}}]}},"s":{"0":3,"1":3,"2":3,"3":3,"4":4,"5":0,"6":0,"7":0,"8":3},"f":{"0":4,"1":0},"b":{"0":[0,3]}}
,"/home/grmaia/fiap_fase02/src/use-cases/usuarioUseCases/deletar-usuario.ts": {"path":"/home/grmaia/fiap_fase02/src/use-cases/usuarioUseCases/deletar-usuario.ts","statementMap":{"0":{"start":{"line":5,"column":24},"end":{"line":5,"column":61}},"1":{"start":{"line":8,"column":8},"end":{"line":8,"column":57}},"2":{"start":{"line":4,"column":0},"end":{"line":4,"column":13}}},"fnMap":{"0":{"name":"(anonymous_0)","decl":{"start":{"line":5,"column":4},"end":{"line":5,"column":24}},"loc":{"start":{"line":5,"column":61},"end":{"line":5,"column":66}}},"1":{"name":"(anonymous_1)","decl":{"start":{"line":7,"column":4},"end":{"line":7,"column":9}},"loc":{"start":{"line":7,"column":30},"end":{"line":9,"column":5}}}},"branchMap":{},"s":{"0":4,"1":0,"2":3},"f":{"0":4,"1":0},"b":{}}
,"/home/grmaia/fiap_fase02/src/use-cases/usuarioUseCases/editar-usuario.ts": {"path":"/home/grmaia/fiap_fase02/src/use-cases/usuarioUseCases/editar-usuario.ts","statementMap":{"0":{"start":{"line":3,"column":0},"end":{"line":3,"column":28}},"1":{"start":{"line":4,"column":0},"end":{"line":4,"column":28}},"2":{"start":{"line":6,"column":16},"end":{"line":6,"column":82}},"3":{"start":{"line":7,"column":0},"end":{"line":7,"column":33}},"4":{"start":{"line":10,"column":24},"end":{"line":10,"column":61}},"5":{"start":{"line":13,"column":8},"end":{"line":21,"column":9}},"6":{"start":{"line":14,"column":32},"end":{"line":14,"column":70}},"7":{"start":{"line":15,"column":12},"end":{"line":15,"column":74}},"8":{"start":{"line":17,"column":38},"end":{"line":17,"column":89}},"9":{"start":{"line":18,"column":12},"end":{"line":20,"column":13}},"10":{"start":{"line":19,"column":16},"end":{"line":19,"column":56}},"11":{"start":{"line":22,"column":8},"end":{"line":22,"column":65}},"12":{"start":{"line":9,"column":0},"end":{"line":9,"column":13}}},"fnMap":{"0":{"name":"(anonymous_1)","decl":{"start":{"line":10,"column":4},"end":{"line":10,"column":24}},"loc":{"start":{"line":10,"column":61},"end":{"line":10,"column":66}}},"1":{"name":"(anonymous_2)","decl":{"start":{"line":12,"column":4},"end":{"line":12,"column":9}},"loc":{"start":{"line":12,"column":60},"end":{"line":23,"column":5}}}},"branchMap":{"0":{"loc":{"start":{"line":6,"column":16},"end":{"line":6,"column":82}},"type":"cond-expr","locations":[{"start":{"line":6,"column":56},"end":{"line":6,"column":67}},{"start":{"line":6,"column":70},"end":{"line":6,"column":82}}]},"1":{"loc":{"start":{"line":13,"column":8},"end":{"line":21,"column":9}},"type":"if","locations":[{"start":{"line":13,"column":8},"end":{"line":21,"column":9}},{"start":{"line":16,"column":15},"end":{"line":21,"column":9}}]},"2":{"loc":{"start":{"line":18,"column":12},"end":{"line":20,"column":13}},"type":"if","locations":[{"start":{"line":18,"column":12},"end":{"line":20,"column":13}}]}},"s":{"0":3,"1":3,"2":3,"3":3,"4":4,"5":0,"6":0,"7":0,"8":0,"9":0,"10":0,"11":0,"12":3},"f":{"0":4,"1":0},"b":{"0":[0,3],"1":[0,0],"2":[0]}}
,"/home/grmaia/fiap_fase02/src/use-cases/usuarioUseCases/login-usuario.ts": {"path":"/home/grmaia/fiap_fase02/src/use-cases/usuarioUseCases/login-usuario.ts","statementMap":{"0":{"start":{"line":3,"column":0},"end":{"line":3,"column":28}},"1":{"start":{"line":4,"column":0},"end":{"line":4,"column":28}},"2":{"start":{"line":5,"column":0},"end":{"line":5,"column":31}},"3":{"start":{"line":7,"column":16},"end":{"line":7,"column":82}},"4":{"start":{"line":8,"column":0},"end":{"line":8,"column":33}},"5":{"start":{"line":11,"column":24},"end":{"line":11,"column":61}},"6":{"start":{"line":14,"column":34},"end":{"line":14,"column":102}},"7":{"start":{"line":15,"column":8},"end":{"line":15,"column":45}},"8":{"start":{"line":15,"column":32},"end":{"line":15,"column":45}},"9":{"start":{"line":17,"column":29},"end":{"line":17,"column":92}},"10":{"start":{"line":18,"column":8},"end":{"line":18,"column":40}},"11":{"start":{"line":18,"column":27},"end":{"line":18,"column":40}},"12":{"start":{"line":20,"column":29},"end":{"line":22,"column":66}},"13":{"start":{"line":24,"column":8},"end":{"line":24,"column":28}},"14":{"start":{"line":10,"column":0},"end":{"line":10,"column":13}}},"fnMap":{"0":{"name":"(anonymous_1)","decl":{"start":{"line":11,"column":4},"end":{"line":11,"column":24}},"loc":{"start":{"line":11,"column":61},"end":{"line":11,"column":66}}},"1":{"name":"(anonymous_2)","decl":{"start":{"line":13,"column":4},"end":{"line":13,"column":9}},"loc":{"start":{"line":13,"column":38},"end":{"line":25,"column":5}}}},"branchMap":{"0":{"loc":{"start":{"line":7,"column":16},"end":{"line":7,"column":82}},"type":"cond-expr","locations":[{"start":{"line":7,"column":56},"end":{"line":7,"column":67}},{"start":{"line":7,"column":70},"end":{"line":7,"column":82}}]},"1":{"loc":{"start":{"line":15,"column":8},"end":{"line":15,"column":45}},"type":"if","locations":[{"start":{"line":15,"column":8},"end":{"line":15,"column":45}}]},"2":{"loc":{"start":{"line":18,"column":8},"end":{"line":18,"column":40}},"type":"if","locations":[{"start":{"line":18,"column":8},"end":{"line":18,"column":40}}]}},"s":{"0":1,"1":1,"2":1,"3":1,"4":1,"5":1,"6":0,"7":0,"8":0,"9":0,"10":0,"11":0,"12":0,"13":0,"14":1},"f":{"0":1,"1":0},"b":{"0":[0,1],"1":[0],"2":[0]}}
,"/home/grmaia/fiap_fase02/src/use-cases/usuarioUseCases/factory/fabricaBuscarPorID-usuario.ts": {"path":"/home/grmaia/fiap_fase02/src/use-cases/usuarioUseCases/factory/fabricaBuscarPorID-usuario.ts","statementMap":{"0":{"start":{"line":4,"column":0},"end":{"line":4,"column":7}},"1":{"start":{"line":1,"column":0},"end":{"line":1,"column":80}},"2":{"start":{"line":2,"column":0},"end":{"line":2,"column":86}},"3":{"start":{"line":5,"column":4},"end":{"line":5,"column":66}}},"fnMap":{"0":{"name":"fabricaBuscarPorIDUsuario","decl":{"start":{"line":4,"column":22},"end":{"line":4,"column":47}},"loc":{"start":{"line":4,"column":47},"end":{"line":6,"column":1}}}},"branchMap":{},"s":{"0":3,"1":3,"2":3,"3":4},"f":{"0":4},"b":{}}
,"/home/grmaia/fiap_fase02/src/use-cases/usuarioUseCases/factory/fabricaBuscarTodos-usuario.ts": {"path":"/home/grmaia/fiap_fase02/src/use-cases/usuarioUseCases/factory/fabricaBuscarTodos-usuario.ts","statementMap":{"0":{"start":{"line":4,"column":0},"end":{"line":4,"column":7}},"1":{"start":{"line":1,"column":0},"end":{"line":1,"column":80}},"2":{"start":{"line":2,"column":0},"end":{"line":2,"column":87}},"3":{"start":{"line":5,"column":4},"end":{"line":5,"column":67}}},"fnMap":{"0":{"name":"fabricaBuscarTodosUsuarios","decl":{"start":{"line":4,"column":22},"end":{"line":4,"column":48}},"loc":{"start":{"line":4,"column":48},"end":{"line":6,"column":1}}}},"branchMap":{},"s":{"0":3,"1":3,"2":3,"3":4},"f":{"0":4},"b":{}}
,"/home/grmaia/fiap_fase02/src/use-cases/usuarioUseCases/factory/fabricaCria-usuario.ts": {"path":"/home/grmaia/fiap_fase02/src/use-cases/usuarioUseCases/factory/fabricaCria-usuario.ts","statementMap":{"0":{"start":{"line":4,"column":0},"end":{"line":4,"column":7}},"1":{"start":{"line":1,"column":0},"end":{"line":1,"column":80}},"2":{"start":{"line":2,"column":0},"end":{"line":2,"column":74}},"3":{"start":{"line":5,"column":4},"end":{"line":5,"column":60}}},"fnMap":{"0":{"name":"fabricaCriarUsuarios","decl":{"start":{"line":4,"column":22},"end":{"line":4,"column":42}},"loc":{"start":{"line":4,"column":42},"end":{"line":6,"column":1}}}},"branchMap":{},"s":{"0":3,"1":3,"2":3,"3":4},"f":{"0":4},"b":{}}
,"/home/grmaia/fiap_fase02/src/use-cases/usuarioUseCases/factory/fabricaDeleta-usuario.ts": {"path":"/home/grmaia/fiap_fase02/src/use-cases/usuarioUseCases/factory/fabricaDeleta-usuario.ts","statementMap":{"0":{"start":{"line":4,"column":0},"end":{"line":4,"column":7}},"1":{"start":{"line":1,"column":0},"end":{"line":1,"column":80}},"2":{"start":{"line":2,"column":0},"end":{"line":2,"column":78}},"3":{"start":{"line":5,"column":4},"end":{"line":5,"column":62}}},"fnMap":{"0":{"name":"fabricaDeletarUsuarios","decl":{"start":{"line":4,"column":22},"end":{"line":4,"column":44}},"loc":{"start":{"line":4,"column":44},"end":{"line":6,"column":1}}}},"branchMap":{},"s":{"0":3,"1":3,"2":3,"3":4},"f":{"0":4},"b":{}}
,"/home/grmaia/fiap_fase02/src/use-cases/usuarioUseCases/factory/fabricaEditar-usuario.ts": {"path":"/home/grmaia/fiap_fase02/src/use-cases/usuarioUseCases/factory/fabricaEditar-usuario.ts","statementMap":{"0":{"start":{"line":4,"column":0},"end":{"line":4,"column":7}},"1":{"start":{"line":1,"column":0},"end":{"line":1,"column":80}},"2":{"start":{"line":2,"column":0},"end":{"line":2,"column":76}},"3":{"start":{"line":5,"column":4},"end":{"line":5,"column":61}}},"fnMap":{"0":{"name":"fabricaEditarUsuario","decl":{"start":{"line":4,"column":22},"end":{"line":4,"column":42}},"loc":{"start":{"line":4,"column":42},"end":{"line":6,"column":1}}}},"branchMap":{},"s":{"0":3,"1":3,"2":3,"3":4},"f":{"0":4},"b":{}}
,"/home/grmaia/fiap_fase02/src/use-cases/usuarioUseCases/factory/fabricaLogin-usuario.ts": {"path":"/home/grmaia/fiap_fase02/src/use-cases/usuarioUseCases/factory/fabricaLogin-usuario.ts","statementMap":{"0":{"start":{"line":4,"column":0},"end":{"line":4,"column":7}},"1":{"start":{"line":1,"column":0},"end":{"line":1,"column":80}},"2":{"start":{"line":2,"column":0},"end":{"line":2,"column":55}},"3":{"start":{"line":5,"column":4},"end":{"line":5,"column":60}}},"fnMap":{"0":{"name":"fabricaLoginUsuarios","decl":{"start":{"line":4,"column":22},"end":{"line":4,"column":42}},"loc":{"start":{"line":4,"column":42},"end":{"line":6,"column":1}}}},"branchMap":{},"s":{"0":1,"1":1,"2":1,"3":1},"f":{"0":1},"b":{}}
}
