{"/home/grmaia/fiap_fase02/src/repositories/pg/papelUsuario.repository.ts": {"path":"/home/grmaia/fiap_fase02/src/repositories/pg/papelUsuario.repository.ts","statementMap":{"0":{"start":{"line":3,"column":0},"end":{"line":3,"column":44}},"1":{"start":{"line":8,"column":8},"end":{"line":18,"column":9}},"2":{"start":{"line":9,"column":30},"end":{"line":13,"column":14}},"3":{"start":{"line":15,"column":12},"end":{"line":15,"column":46}},"4":{"start":{"line":17,"column":12},"end":{"line":17,"column":72}},"5":{"start":{"line":22,"column":8},"end":{"line":34,"column":9}},"6":{"start":{"line":23,"column":35},"end":{"line":25,"column":14}},"7":{"start":{"line":27,"column":12},"end":{"line":27,"column":98}},"8":{"start":{"line":27,"column":33},"end":{"line":27,"column":98}},"9":{"start":{"line":29,"column":12},"end":{"line":29,"column":71}},"10":{"start":{"line":31,"column":12},"end":{"line":31,"column":51}},"11":{"start":{"line":33,"column":12},"end":{"line":33,"column":74}},"12":{"start":{"line":38,"column":8},"end":{"line":48,"column":9}},"13":{"start":{"line":39,"column":35},"end":{"line":41,"column":14}},"14":{"start":{"line":43,"column":12},"end":{"line":43,"column":98}},"15":{"start":{"line":43,"column":33},"end":{"line":43,"column":98}},"16":{"start":{"line":45,"column":12},"end":{"line":45,"column":51}},"17":{"start":{"line":47,"column":12},"end":{"line":47,"column":80}},"18":{"start":{"line":52,"column":8},"end":{"line":62,"column":9}},"19":{"start":{"line":53,"column":27},"end":{"line":53,"column":66}},"20":{"start":{"line":55,"column":12},"end":{"line":57,"column":13}},"21":{"start":{"line":56,"column":16},"end":{"line":56,"column":26}},"22":{"start":{"line":59,"column":12},"end":{"line":59,"column":45}},"23":{"start":{"line":61,"column":12},"end":{"line":61,"column":80}},"24":{"start":{"line":66,"column":8},"end":{"line":81,"column":9}},"25":{"start":{"line":67,"column":35},"end":{"line":69,"column":14}},"26":{"start":{"line":71,"column":12},"end":{"line":71,"column":98}},"27":{"start":{"line":71,"column":33},"end":{"line":71,"column":98}},"28":{"start":{"line":73,"column":33},"end":{"line":76,"column":14}},"29":{"start":{"line":78,"column":12},"end":{"line":78,"column":49}},"30":{"start":{"line":80,"column":12},"end":{"line":80,"column":73}},"31":{"start":{"line":5,"column":0},"end":{"line":5,"column":13}}},"fnMap":{"0":{"name":"(anonymous_0)","decl":{"start":{"line":7,"column":4},"end":{"line":7,"column":9}},"loc":{"start":{"line":7,"column":41},"end":{"line":19,"column":5}}},"1":{"name":"(anonymous_1)","decl":{"start":{"line":21,"column":4},"end":{"line":21,"column":9}},"loc":{"start":{"line":21,"column":40},"end":{"line":35,"column":5}}},"2":{"name":"(anonymous_2)","decl":{"start":{"line":37,"column":4},"end":{"line":37,"column":9}},"loc":{"start":{"line":37,"column":44},"end":{"line":49,"column":5}}},"3":{"name":"(anonymous_3)","decl":{"start":{"line":51,"column":4},"end":{"line":51,"column":9}},"loc":{"start":{"line":51,"column":35},"end":{"line":63,"column":5}}},"4":{"name":"(anonymous_4)","decl":{"start":{"line":65,"column":4},"end":{"line":65,"column":9}},"loc":{"start":{"line":65,"column":54},"end":{"line":82,"column":5}}}},"branchMap":{"0":{"loc":{"start":{"line":27,"column":12},"end":{"line":27,"column":98}},"type":"if","locations":[{"start":{"line":27,"column":12},"end":{"line":27,"column":98}}]},"1":{"loc":{"start":{"line":43,"column":12},"end":{"line":43,"column":98}},"type":"if","locations":[{"start":{"line":43,"column":12},"end":{"line":43,"column":98}}]},"2":{"loc":{"start":{"line":55,"column":12},"end":{"line":57,"column":13}},"type":"if","locations":[{"start":{"line":55,"column":12},"end":{"line":57,"column":13}}]},"3":{"loc":{"start":{"line":71,"column":12},"end":{"line":71,"column":98}},"type":"if","locations":[{"start":{"line":71,"column":12},"end":{"line":71,"column":98}}]}},"s":{"0":1,"1":1,"2":1,"3":1,"4":0,"5":1,"6":1,"7":1,"8":0,"9":1,"10":1,"11":0,"12":1,"13":1,"14":1,"15":0,"16":1,"17":0,"18":1,"19":1,"20":1,"21":0,"22":1,"23":0,"24":1,"25":1,"26":1,"27":0,"28":1,"29":1,"30":0,"31":1},"f":{"0":1,"1":1,"2":1,"3":1,"4":1},"b":{"0":[0],"1":[0],"2":[0],"3":[0]}}
,"/home/grmaia/fiap_fase02/src/repositories/pg/postagem.repository.ts": {"path":"/home/grmaia/fiap_fase02/src/repositories/pg/postagem.repository.ts","statementMap":{"0":{"start":{"line":1,"column":0},"end":{"line":1,"column":44}},"1":{"start":{"line":7,"column":8},"end":{"line":31,"column":9}},"2":{"start":{"line":8,"column":33},"end":{"line":16,"column":14}},"3":{"start":{"line":18,"column":46},"end":{"line":26,"column":14}},"4":{"start":{"line":28,"column":12},"end":{"line":28,"column":47}},"5":{"start":{"line":30,"column":12},"end":{"line":30,"column":64}},"6":{"start":{"line":35,"column":8},"end":{"line":47,"column":9}},"7":{"start":{"line":36,"column":38},"end":{"line":38,"column":14}},"8":{"start":{"line":40,"column":12},"end":{"line":40,"column":93}},"9":{"start":{"line":40,"column":36},"end":{"line":40,"column":93}},"10":{"start":{"line":42,"column":12},"end":{"line":42,"column":67}},"11":{"start":{"line":44,"column":12},"end":{"line":44,"column":50}},"12":{"start":{"line":46,"column":12},"end":{"line":46,"column":66}},"13":{"start":{"line":51,"column":8},"end":{"line":61,"column":9}},"14":{"start":{"line":52,"column":38},"end":{"line":54,"column":14}},"15":{"start":{"line":56,"column":12},"end":{"line":56,"column":93}},"16":{"start":{"line":56,"column":36},"end":{"line":56,"column":93}},"17":{"start":{"line":58,"column":12},"end":{"line":58,"column":50}},"18":{"start":{"line":60,"column":12},"end":{"line":60,"column":72}},"19":{"start":{"line":65,"column":8},"end":{"line":75,"column":9}},"20":{"start":{"line":66,"column":30},"end":{"line":66,"column":65}},"21":{"start":{"line":68,"column":12},"end":{"line":70,"column":13}},"22":{"start":{"line":69,"column":16},"end":{"line":69,"column":26}},"23":{"start":{"line":72,"column":12},"end":{"line":72,"column":44}},"24":{"start":{"line":74,"column":12},"end":{"line":74,"column":72}},"25":{"start":{"line":79,"column":8},"end":{"line":95,"column":9}},"26":{"start":{"line":80,"column":38},"end":{"line":80,"column":96}},"27":{"start":{"line":82,"column":12},"end":{"line":82,"column":93}},"28":{"start":{"line":82,"column":36},"end":{"line":82,"column":93}},"29":{"start":{"line":84,"column":39},"end":{"line":91,"column":14}},"30":{"start":{"line":92,"column":12},"end":{"line":92,"column":51}},"31":{"start":{"line":94,"column":12},"end":{"line":94,"column":65}},"32":{"start":{"line":99,"column":8},"end":{"line":113,"column":9}},"33":{"start":{"line":100,"column":30},"end":{"line":107,"column":14}},"34":{"start":{"line":108,"column":12},"end":{"line":108,"column":50}},"35":{"start":{"line":108,"column":40},"end":{"line":108,"column":50}},"36":{"start":{"line":110,"column":12},"end":{"line":110,"column":44}},"37":{"start":{"line":112,"column":12},"end":{"line":112,"column":83}},"38":{"start":{"line":5,"column":0},"end":{"line":5,"column":13}}},"fnMap":{"0":{"name":"(anonymous_0)","decl":{"start":{"line":6,"column":4},"end":{"line":6,"column":9}},"loc":{"start":{"line":6,"column":43},"end":{"line":32,"column":5}}},"1":{"name":"(anonymous_1)","decl":{"start":{"line":34,"column":4},"end":{"line":34,"column":9}},"loc":{"start":{"line":34,"column":36},"end":{"line":48,"column":5}}},"2":{"name":"(anonymous_2)","decl":{"start":{"line":50,"column":4},"end":{"line":50,"column":9}},"loc":{"start":{"line":50,"column":40},"end":{"line":62,"column":5}}},"3":{"name":"(anonymous_3)","decl":{"start":{"line":64,"column":4},"end":{"line":64,"column":9}},"loc":{"start":{"line":64,"column":30},"end":{"line":76,"column":5}}},"4":{"name":"(anonymous_4)","decl":{"start":{"line":78,"column":4},"end":{"line":78,"column":9}},"loc":{"start":{"line":78,"column":56},"end":{"line":96,"column":5}}},"5":{"name":"(anonymous_5)","decl":{"start":{"line":98,"column":4},"end":{"line":98,"column":9}},"loc":{"start":{"line":98,"column":61},"end":{"line":114,"column":5}}}},"branchMap":{"0":{"loc":{"start":{"line":40,"column":12},"end":{"line":40,"column":93}},"type":"if","locations":[{"start":{"line":40,"column":12},"end":{"line":40,"column":93}}]},"1":{"loc":{"start":{"line":56,"column":12},"end":{"line":56,"column":93}},"type":"if","locations":[{"start":{"line":56,"column":12},"end":{"line":56,"column":93}}]},"2":{"loc":{"start":{"line":68,"column":12},"end":{"line":70,"column":13}},"type":"if","locations":[{"start":{"line":68,"column":12},"end":{"line":70,"column":13}}]},"3":{"loc":{"start":{"line":82,"column":12},"end":{"line":82,"column":93}},"type":"if","locations":[{"start":{"line":82,"column":12},"end":{"line":82,"column":93}}]},"4":{"loc":{"start":{"line":108,"column":12},"end":{"line":108,"column":50}},"type":"if","locations":[{"start":{"line":108,"column":12},"end":{"line":108,"column":50}}]}},"s":{"0":1,"1":1,"2":1,"3":1,"4":1,"5":0,"6":1,"7":1,"8":1,"9":0,"10":1,"11":1,"12":0,"13":1,"14":1,"15":1,"16":0,"17":1,"18":0,"19":1,"20":1,"21":1,"22":0,"23":1,"24":0,"25":1,"26":1,"27":1,"28":0,"29":1,"30":1,"31":0,"32":1,"33":1,"34":1,"35":0,"36":1,"37":0,"38":1},"f":{"0":1,"1":1,"2":1,"3":1,"4":1,"5":1},"b":{"0":[0],"1":[0],"2":[0],"3":[0],"4":[0]}}
,"/home/grmaia/fiap_fase02/src/repositories/pg/usuario.repository.ts": {"path":"/home/grmaia/fiap_fase02/src/repositories/pg/usuario.repository.ts","statementMap":{"0":{"start":{"line":3,"column":0},"end":{"line":3,"column":44}},"1":{"start":{"line":8,"column":8},"end":{"line":25,"column":9}},"2":{"start":{"line":9,"column":37},"end":{"line":9,"column":94}},"3":{"start":{"line":11,"column":12},"end":{"line":11,"column":91}},"4":{"start":{"line":11,"column":35},"end":{"line":11,"column":91}},"5":{"start":{"line":13,"column":38},"end":{"line":21,"column":14}},"6":{"start":{"line":22,"column":12},"end":{"line":22,"column":49}},"7":{"start":{"line":24,"column":12},"end":{"line":24,"column":64}},"8":{"start":{"line":29,"column":8},"end":{"line":53,"column":9}},"9":{"start":{"line":30,"column":32},"end":{"line":38,"column":14}},"10":{"start":{"line":40,"column":44},"end":{"line":48,"column":14}},"11":{"start":{"line":50,"column":12},"end":{"line":50,"column":45}},"12":{"start":{"line":52,"column":12},"end":{"line":52,"column":61}},"13":{"start":{"line":57,"column":8},"end":{"line":69,"column":9}},"14":{"start":{"line":58,"column":37},"end":{"line":60,"column":14}},"15":{"start":{"line":62,"column":12},"end":{"line":62,"column":91}},"16":{"start":{"line":62,"column":35},"end":{"line":62,"column":91}},"17":{"start":{"line":64,"column":12},"end":{"line":64,"column":66}},"18":{"start":{"line":66,"column":12},"end":{"line":66,"column":48}},"19":{"start":{"line":68,"column":12},"end":{"line":68,"column":65}},"20":{"start":{"line":73,"column":8},"end":{"line":83,"column":9}},"21":{"start":{"line":74,"column":29},"end":{"line":74,"column":63}},"22":{"start":{"line":76,"column":12},"end":{"line":78,"column":13}},"23":{"start":{"line":77,"column":16},"end":{"line":77,"column":26}},"24":{"start":{"line":80,"column":12},"end":{"line":80,"column":42}},"25":{"start":{"line":82,"column":12},"end":{"line":82,"column":71}},"26":{"start":{"line":87,"column":8},"end":{"line":97,"column":9}},"27":{"start":{"line":88,"column":37},"end":{"line":90,"column":14}},"28":{"start":{"line":92,"column":12},"end":{"line":92,"column":91}},"29":{"start":{"line":92,"column":35},"end":{"line":92,"column":91}},"30":{"start":{"line":94,"column":12},"end":{"line":94,"column":48}},"31":{"start":{"line":96,"column":12},"end":{"line":96,"column":71}},"32":{"start":{"line":101,"column":8},"end":{"line":111,"column":9}},"33":{"start":{"line":102,"column":37},"end":{"line":104,"column":14}},"34":{"start":{"line":106,"column":12},"end":{"line":106,"column":97}},"35":{"start":{"line":106,"column":35},"end":{"line":106,"column":97}},"36":{"start":{"line":108,"column":12},"end":{"line":108,"column":48}},"37":{"start":{"line":110,"column":12},"end":{"line":110,"column":74}},"38":{"start":{"line":5,"column":0},"end":{"line":5,"column":13}}},"fnMap":{"0":{"name":"(anonymous_0)","decl":{"start":{"line":7,"column":4},"end":{"line":7,"column":9}},"loc":{"start":{"line":7,"column":64},"end":{"line":26,"column":5}}},"1":{"name":"(anonymous_1)","decl":{"start":{"line":28,"column":4},"end":{"line":28,"column":9}},"loc":{"start":{"line":28,"column":40},"end":{"line":54,"column":5}}},"2":{"name":"(anonymous_2)","decl":{"start":{"line":56,"column":4},"end":{"line":56,"column":9}},"loc":{"start":{"line":56,"column":35},"end":{"line":70,"column":5}}},"3":{"name":"(anonymous_3)","decl":{"start":{"line":72,"column":4},"end":{"line":72,"column":9}},"loc":{"start":{"line":72,"column":29},"end":{"line":84,"column":5}}},"4":{"name":"(anonymous_4)","decl":{"start":{"line":86,"column":4},"end":{"line":86,"column":9}},"loc":{"start":{"line":86,"column":39},"end":{"line":98,"column":5}}},"5":{"name":"(anonymous_5)","decl":{"start":{"line":100,"column":4},"end":{"line":100,"column":9}},"loc":{"start":{"line":100,"column":45},"end":{"line":112,"column":5}}}},"branchMap":{"0":{"loc":{"start":{"line":11,"column":12},"end":{"line":11,"column":91}},"type":"if","locations":[{"start":{"line":11,"column":12},"end":{"line":11,"column":91}}]},"1":{"loc":{"start":{"line":62,"column":12},"end":{"line":62,"column":91}},"type":"if","locations":[{"start":{"line":62,"column":12},"end":{"line":62,"column":91}}]},"2":{"loc":{"start":{"line":76,"column":12},"end":{"line":78,"column":13}},"type":"if","locations":[{"start":{"line":76,"column":12},"end":{"line":78,"column":13}}]},"3":{"loc":{"start":{"line":92,"column":12},"end":{"line":92,"column":91}},"type":"if","locations":[{"start":{"line":92,"column":12},"end":{"line":92,"column":91}}]},"4":{"loc":{"start":{"line":106,"column":12},"end":{"line":106,"column":97}},"type":"if","locations":[{"start":{"line":106,"column":12},"end":{"line":106,"column":97}}]}},"s":{"0":1,"1":1,"2":1,"3":1,"4":0,"5":1,"6":1,"7":0,"8":1,"9":1,"10":1,"11":1,"12":0,"13":1,"14":1,"15":1,"16":0,"17":1,"18":1,"19":0,"20":1,"21":1,"22":1,"23":0,"24":1,"25":0,"26":1,"27":1,"28":1,"29":0,"30":1,"31":0,"32":1,"33":1,"34":1,"35":0,"36":1,"37":0,"38":1},"f":{"0":1,"1":1,"2":1,"3":1,"4":1,"5":1},"b":{"0":[0],"1":[0],"2":[0],"3":[0],"4":[0]}}
}
