TN:
SF:src/repositories/pg/papelUsuario.repository.ts
FN:7,(anonymous_0)
FN:21,(anonymous_1)
FN:37,(anonymous_2)
FN:51,(anonymous_3)
FN:65,(anonymous_4)
FNF:5
FNH:5
FNDA:1,(anonymous_0)
FNDA:1,(anonymous_1)
FNDA:1,(anonymous_2)
FNDA:1,(anonymous_3)
FNDA:1,(anonymous_4)
DA:3,1
DA:5,1
DA:8,1
DA:9,1
DA:15,1
DA:17,0
DA:22,1
DA:23,1
DA:27,1
DA:29,1
DA:31,1
DA:33,0
DA:38,1
DA:39,1
DA:43,1
DA:45,1
DA:47,0
DA:52,1
DA:53,1
DA:55,1
DA:56,0
DA:59,1
DA:61,0
DA:66,1
DA:67,1
DA:71,1
DA:73,1
DA:78,1
DA:80,0
LF:29
LH:23
BRDA:27,0,0,0
BRDA:43,1,0,0
BRDA:55,2,0,0
BRDA:71,3,0,0
BRF:4
BRH:0
end_of_record
TN:
SF:src/repositories/pg/postagem.repository.ts
FN:6,(anonymous_0)
FN:34,(anonymous_1)
FN:50,(anonymous_2)
FN:64,(anonymous_3)
FN:78,(anonymous_4)
FN:98,(anonymous_5)
FNF:6
FNH:6
FNDA:1,(anonymous_0)
FNDA:1,(anonymous_1)
FNDA:1,(anonymous_2)
FNDA:1,(anonymous_3)
FNDA:1,(anonymous_4)
FNDA:1,(anonymous_5)
DA:1,1
DA:5,1
DA:7,1
DA:8,1
DA:18,1
DA:28,1
DA:30,0
DA:35,1
DA:36,1
DA:40,1
DA:42,1
DA:44,1
DA:46,0
DA:51,1
DA:52,1
DA:56,1
DA:58,1
DA:60,0
DA:65,1
DA:66,1
DA:68,1
DA:69,0
DA:72,1
DA:74,0
DA:79,1
DA:80,1
DA:82,1
DA:84,1
DA:92,1
DA:94,0
DA:99,1
DA:100,1
DA:108,1
DA:110,1
DA:112,0
LF:35
LH:28
BRDA:40,0,0,0
BRDA:56,1,0,0
BRDA:68,2,0,0
BRDA:82,3,0,0
BRDA:108,4,0,0
BRF:5
BRH:0
end_of_record
TN:
SF:src/repositories/pg/usuario.repository.ts
FN:7,(anonymous_0)
FN:28,(anonymous_1)
FN:56,(anonymous_2)
FN:72,(anonymous_3)
FN:86,(anonymous_4)
FN:100,(anonymous_5)
FNF:6
FNH:6
FNDA:1,(anonymous_0)
FNDA:1,(anonymous_1)
FNDA:1,(anonymous_2)
FNDA:1,(anonymous_3)
FNDA:1,(anonymous_4)
FNDA:1,(anonymous_5)
DA:3,1
DA:5,1
DA:8,1
DA:9,1
DA:11,1
DA:13,1
DA:22,1
DA:24,0
DA:29,1
DA:30,1
DA:40,1
DA:50,1
DA:52,0
DA:57,1
DA:58,1
DA:62,1
DA:64,1
DA:66,1
DA:68,0
DA:73,1
DA:74,1
DA:76,1
DA:77,0
DA:80,1
DA:82,0
DA:87,1
DA:88,1
DA:92,1
DA:94,1
DA:96,0
DA:101,1
DA:102,1
DA:106,1
DA:108,1
DA:110,0
LF:35
LH:28
BRDA:11,0,0,0
BRDA:62,1,0,0
BRDA:76,2,0,0
BRDA:92,3,0,0
BRDA:106,4,0,0
BRF:5
BRH:0
end_of_record
