TN:
SF:src/prismaClient.ts
FNF:0
FNH:0
DA:1,49
DA:2,49
DA:4,49
DA:5,49
DA:7,49
LF:5
LH:5
BRDA:4,0,0,0
BRDA:4,0,1,49
BRF:2
BRH:1
end_of_record
TN:
SF:src/http/controller/papelUsuario/in/buscarPorID.ts
FN:5,buscarPorID
FNF:1
FNH:1
FNDA:2,buscarPorID
DA:1,1
DA:3,1
DA:5,1
DA:7,2
DA:8,2
DA:10,2
DA:12,2
DA:13,2
DA:14,1
DA:20,1
DA:22,1
DA:24,1
DA:26,0
LF:13
LH:12
BRDA:13,0,0,1
BRF:1
BRH:1
end_of_record
TN:
SF:src/http/controller/papelUsuario/in/buscarTodos.ts
FN:4,buscarTodos
FNF:1
FNH:1
FNDA:1,buscarTodos
DA:2,1
DA:4,1
DA:6,1
DA:7,1
DA:8,1
DA:10,1
DA:12,0
LF:7
LH:6
BRF:0
BRH:0
end_of_record
TN:
SF:src/http/controller/papelUsuario/in/criar.ts
FN:5,criar
FNF:1
FNH:1
FNDA:2,criar
DA:1,1
DA:3,1
DA:5,1
DA:7,2
DA:8,2
DA:10,2
DA:11,2
DA:12,1
DA:18,1
DA:19,1
DA:21,1
DA:23,1
DA:25,0
LF:13
LH:12
BRDA:11,0,0,1
BRF:1
BRH:1
end_of_record
TN:
SF:src/http/controller/papelUsuario/in/deletar.ts
FN:5,deletar
FNF:1
FNH:1
FNDA:2,deletar
DA:1,1
DA:3,1
DA:5,1
DA:6,2
DA:7,2
DA:8,2
DA:9,2
DA:10,1
DA:15,1
DA:16,1
DA:18,1
DA:20,1
DA:22,0
LF:13
LH:12
BRDA:9,0,0,1
BRF:1
BRH:1
end_of_record
TN:
SF:src/http/controller/papelUsuario/in/editar.ts
FN:5,editar
FNF:1
FNH:1
FNDA:2,editar
DA:1,1
DA:3,1
DA:5,1
DA:7,2
DA:8,2
DA:9,2
DA:10,2
DA:12,2
DA:13,2
DA:14,1
DA:20,1
DA:21,1
DA:22,0
DA:28,1
DA:29,1
DA:31,1
DA:32,1
DA:33,0
DA:36,1
DA:38,0
LF:20
LH:17
BRDA:13,0,0,1
BRDA:21,1,0,0
BRDA:32,2,0,0
BRF:3
BRH:1
end_of_record
TN:
SF:src/http/controller/postagem/in/buscarPorID.ts
FN:5,buscarPorID
FNF:1
FNH:1
FNDA:2,buscarPorID
DA:1,1
DA:3,1
DA:5,1
DA:7,2
DA:8,2
DA:10,2
DA:12,2
DA:13,2
DA:14,1
DA:20,1
DA:22,1
DA:24,1
DA:26,0
LF:13
LH:12
BRDA:13,0,0,1
BRF:1
BRH:1
end_of_record
TN:
SF:src/http/controller/postagem/in/buscarPorPalavraChave.ts
FN:5,buscarPorPalavraChave
FNF:1
FNH:1
FNDA:2,buscarPorPalavraChave
DA:1,1
DA:3,1
DA:5,1
DA:7,2
DA:8,2
DA:9,2
DA:11,2
DA:12,2
DA:13,1
DA:19,1
DA:20,1
DA:21,1
DA:22,1
DA:24,0
LF:14
LH:13
BRDA:12,0,0,1
BRF:1
BRH:1
end_of_record
TN:
SF:src/http/controller/postagem/in/buscarTodos.ts
FN:4,buscarTodos
FNF:1
FNH:1
FNDA:1,buscarTodos
DA:2,1
DA:4,1
DA:6,1
DA:7,1
DA:8,1
DA:10,1
DA:12,0
LF:7
LH:6
BRF:0
BRH:0
end_of_record
TN:
SF:src/http/controller/postagem/in/criar.ts
FN:11,criar
FN:19,(anonymous_2)
FN:22,(anonymous_3)
FNF:3
FNH:3
FNDA:2,criar
FNDA:2,(anonymous_2)
FNDA:2,(anonymous_3)
DA:1,1
DA:3,1
DA:5,1
DA:8,1
DA:9,1
DA:11,1
DA:12,2
DA:13,2
DA:19,2
DA:22,2
DA:25,2
DA:27,2
DA:28,1
DA:34,1
DA:36,1
DA:42,1
DA:44,1
DA:46,0
DA:47,0
LF:19
LH:17
BRDA:8,0,0,0
BRDA:8,0,1,1
BRDA:19,1,0,2
BRDA:19,1,1,0
BRDA:27,2,0,1
BRF:5
BRH:3
end_of_record
TN:
SF:src/http/controller/postagem/in/deletar.ts
FN:5,deletar
FNF:1
FNH:1
FNDA:2,deletar
DA:1,1
DA:3,1
DA:5,1
DA:7,2
DA:8,2
DA:10,2
DA:12,2
DA:13,2
DA:14,1
DA:20,1
DA:22,1
DA:24,1
DA:26,0
LF:13
LH:12
BRDA:13,0,0,1
BRF:1
BRH:1
end_of_record
TN:
SF:src/http/controller/postagem/in/editar.ts
FN:6,editar
FN:18,(anonymous_1)
FN:21,(anonymous_2)
FNF:3
FNH:3
FNDA:2,editar
FNDA:1,(anonymous_1)
FNDA:1,(anonymous_2)
DA:1,1
DA:3,1
DA:6,1
DA:8,2
DA:11,2
DA:12,2
DA:18,1
DA:21,1
DA:24,2
DA:25,2
DA:26,1
DA:32,1
DA:33,1
DA:34,0
DA:39,1
DA:40,1
DA:41,1
DA:45,1
DA:46,1
DA:47,0
DA:50,1
DA:52,0
LF:22
LH:19
BRDA:18,0,0,1
BRDA:18,0,1,0
BRDA:25,1,0,1
BRDA:33,2,0,0
BRDA:43,3,0,1
BRDA:43,3,1,1
BRDA:46,4,0,0
BRF:7
BRH:4
end_of_record
TN:
SF:src/http/controller/usuario/in/buscarPorID.ts
FN:5,buscarPorID
FNF:1
FNH:1
FNDA:2,buscarPorID
DA:1,1
DA:3,1
DA:5,1
DA:7,2
DA:8,2
DA:10,2
DA:12,2
DA:13,2
DA:14,1
DA:20,1
DA:22,1
DA:24,1
DA:26,0
LF:13
LH:12
BRDA:13,0,0,1
BRF:1
BRH:1
end_of_record
TN:
SF:src/http/controller/usuario/in/buscarTodos.ts
FN:4,buscarTodos
FNF:1
FNH:1
FNDA:1,buscarTodos
DA:2,1
DA:4,1
DA:5,1
DA:6,1
DA:7,1
DA:9,1
DA:11,0
LF:7
LH:6
BRF:0
BRH:0
end_of_record
TN:
SF:src/http/controller/usuario/in/criar.ts
FN:5,criar
FNF:1
FNH:1
FNDA:2,criar
DA:1,1
DA:3,1
DA:5,1
DA:6,2
DA:7,2
DA:15,2
DA:17,2
DA:18,2
DA:19,1
DA:25,1
DA:27,1
DA:29,1
DA:31,0
LF:13
LH:12
BRDA:18,0,0,1
BRF:1
BRH:1
end_of_record
TN:
SF:src/http/controller/usuario/in/deletar.ts
FN:5,deletar
FNF:1
FNH:1
FNDA:2,deletar
DA:1,1
DA:3,1
DA:5,1
DA:7,2
DA:8,2
DA:10,2
DA:12,2
DA:13,2
DA:14,1
DA:20,1
DA:22,1
DA:24,1
DA:26,0
LF:13
LH:12
BRDA:13,0,0,1
BRF:1
BRH:1
end_of_record
TN:
SF:src/http/controller/usuario/in/editar.ts
FN:5,editar
FNF:1
FNH:1
FNDA:4,editar
DA:1,1
DA:3,1
DA:5,1
DA:6,4
DA:7,4
DA:9,4
DA:10,4
DA:18,4
DA:19,4
DA:20,1
DA:26,3
DA:27,3
DA:28,1
DA:34,2
DA:36,2
DA:37,2
DA:38,1
DA:41,1
DA:43,0
LF:19
LH:18
BRDA:19,0,0,1
BRDA:27,1,0,1
BRDA:37,2,0,1
BRF:3
BRH:3
end_of_record
TN:
SF:src/middleware/autenticacao-middleware.ts
FN:8,autenticacaoMiddleware
FNF:1
FNH:1
FNDA:3,autenticacaoMiddleware
DA:2,1
DA:3,1
DA:5,1
DA:6,1
DA:8,1
DA:9,3
DA:10,3
DA:12,3
DA:14,2
DA:15,2
DA:16,2
DA:17,1
DA:18,1
DA:20,1
DA:21,1
LF:15
LH:15
BRDA:5,0,0,0
BRDA:5,0,1,1
BRDA:10,1,0,3
BRDA:10,1,1,2
BRDA:12,2,0,1
BRF:5
BRH:4
end_of_record
TN:
SF:src/middleware/autorizacao-middleware.ts
FN:7,autorizacaoMiddleware
FN:8,(anonymous_1)
FNF:2
FNH:2
FNDA:3,autorizacaoMiddleware
FNDA:3,(anonymous_1)
DA:7,1
DA:8,3
DA:9,3
DA:11,3
DA:12,2
DA:17,1
LF:6
LH:6
BRDA:11,0,0,2
BRDA:11,1,0,3
BRDA:11,1,1,2
BRF:3
BRH:3
end_of_record
TN:
SF:src/repositories/pg/papelUsuario.repository.ts
FN:7,(anonymous_0)
FN:21,(anonymous_1)
FN:37,(anonymous_2)
FN:51,(anonymous_3)
FN:65,(anonymous_4)
FNF:5
FNH:5
FNDA:1,(anonymous_0)
FNDA:1,(anonymous_1)
FNDA:1,(anonymous_2)
FNDA:1,(anonymous_3)
FNDA:1,(anonymous_4)
DA:3,16
DA:5,16
DA:8,1
DA:9,1
DA:15,1
DA:17,0
DA:22,1
DA:23,1
DA:27,1
DA:29,1
DA:31,1
DA:33,0
DA:38,1
DA:39,1
DA:43,1
DA:45,1
DA:47,0
DA:52,1
DA:53,1
DA:55,1
DA:56,0
DA:59,1
DA:61,0
DA:66,1
DA:67,1
DA:71,1
DA:73,1
DA:78,1
DA:80,0
LF:29
LH:23
BRDA:27,0,0,0
BRDA:43,1,0,0
BRDA:55,2,0,0
BRDA:71,3,0,0
BRF:4
BRH:0
end_of_record
TN:
SF:src/repositories/pg/postagem.repository.ts
FN:6,(anonymous_0)
FN:34,(anonymous_1)
FN:50,(anonymous_2)
FN:64,(anonymous_3)
FN:78,(anonymous_4)
FN:98,(anonymous_5)
FNF:6
FNH:6
FNDA:1,(anonymous_0)
FNDA:1,(anonymous_1)
FNDA:1,(anonymous_2)
FNDA:1,(anonymous_3)
FNDA:1,(anonymous_4)
FNDA:1,(anonymous_5)
DA:1,19
DA:5,19
DA:7,1
DA:8,1
DA:18,1
DA:28,1
DA:30,0
DA:35,1
DA:36,1
DA:40,1
DA:42,1
DA:44,1
DA:46,0
DA:51,1
DA:52,1
DA:56,1
DA:58,1
DA:60,0
DA:65,1
DA:66,1
DA:68,1
DA:69,0
DA:72,1
DA:74,0
DA:79,1
DA:80,1
DA:82,1
DA:84,1
DA:92,1
DA:94,0
DA:99,1
DA:100,1
DA:108,1
DA:110,1
DA:112,0
LF:35
LH:28
BRDA:40,0,0,0
BRDA:56,1,0,0
BRDA:68,2,0,0
BRDA:82,3,0,0
BRDA:108,4,0,0
BRF:5
BRH:0
end_of_record
TN:
SF:src/repositories/pg/usuario.repository.ts
FN:7,(anonymous_0)
FN:28,(anonymous_1)
FN:56,(anonymous_2)
FN:72,(anonymous_3)
FN:86,(anonymous_4)
FN:100,(anonymous_5)
FNF:6
FNH:6
FNDA:1,(anonymous_0)
FNDA:1,(anonymous_1)
FNDA:1,(anonymous_2)
FNDA:1,(anonymous_3)
FNDA:1,(anonymous_4)
FNDA:1,(anonymous_5)
DA:3,17
DA:5,17
DA:8,1
DA:9,1
DA:11,1
DA:13,1
DA:22,1
DA:24,0
DA:29,1
DA:30,1
DA:40,1
DA:50,1
DA:52,0
DA:57,1
DA:58,1
DA:62,1
DA:64,1
DA:66,1
DA:68,0
DA:73,1
DA:74,1
DA:76,1
DA:77,0
DA:80,1
DA:82,0
DA:87,1
DA:88,1
DA:92,1
DA:94,1
DA:96,0
DA:101,1
DA:102,1
DA:106,1
DA:108,1
DA:110,0
LF:35
LH:28
BRDA:11,0,0,0
BRDA:62,1,0,0
BRDA:76,2,0,0
BRDA:92,3,0,0
BRDA:106,4,0,0
BRF:5
BRH:0
end_of_record
TN:
SF:src/use-cases/papelUsuarioUseCases/buscarPorID-papelUsuario.ts
FN:5,(anonymous_0)
FN:7,(anonymous_1)
FNF:2
FNH:1
FNDA:4,(anonymous_0)
FNDA:0,(anonymous_1)
DA:4,3
DA:5,4
DA:8,0
LF:3
LH:2
BRF:0
BRH:0
end_of_record
TN:
SF:src/use-cases/papelUsuarioUseCases/buscarTodos-papelUsuario.ts
FN:5,(anonymous_0)
FN:7,(anonymous_1)
FNF:2
FNH:1
FNDA:4,(anonymous_0)
FNDA:0,(anonymous_1)
DA:4,3
DA:5,4
DA:8,0
LF:3
LH:2
BRF:0
BRH:0
end_of_record
TN:
SF:src/use-cases/papelUsuarioUseCases/criar-papelUsuario.ts
FN:5,(anonymous_0)
FN:7,(anonymous_1)
FNF:2
FNH:1
FNDA:4,(anonymous_0)
FNDA:0,(anonymous_1)
DA:4,3
DA:5,4
DA:8,0
LF:3
LH:2
BRF:0
BRH:0
end_of_record
TN:
SF:src/use-cases/papelUsuarioUseCases/deletar-papelUsuario.ts
FN:5,(anonymous_0)
FN:7,(anonymous_1)
FNF:2
FNH:1
FNDA:4,(anonymous_0)
FNDA:0,(anonymous_1)
DA:4,3
DA:5,4
DA:8,0
LF:3
LH:2
BRF:0
BRH:0
end_of_record
TN:
SF:src/use-cases/papelUsuarioUseCases/editar-papelUsuario.ts
FN:5,(anonymous_0)
FN:7,(anonymous_1)
FNF:2
FNH:1
FNDA:4,(anonymous_0)
FNDA:0,(anonymous_1)
DA:4,3
DA:5,4
DA:8,0
LF:3
LH:2
BRF:0
BRH:0
end_of_record
TN:
SF:src/use-cases/papelUsuarioUseCases/factory/fabricaBuscarPorID-papelUsuario.ts
FN:4,fabricaBuscarPorIDPapelUsuario
FNF:1
FNH:1
FNDA:4,fabricaBuscarPorIDPapelUsuario
DA:1,3
DA:2,3
DA:4,3
DA:5,4
LF:4
LH:4
BRF:0
BRH:0
end_of_record
TN:
SF:src/use-cases/papelUsuarioUseCases/factory/fabricaBuscarTodos-papelUsuario.ts
FN:4,fabricaBuscarTodosPapelUsuario
FNF:1
FNH:1
FNDA:4,fabricaBuscarTodosPapelUsuario
DA:1,3
DA:2,3
DA:4,3
DA:5,4
LF:4
LH:4
BRF:0
BRH:0
end_of_record
TN:
SF:src/use-cases/papelUsuarioUseCases/factory/fabricaCria-papelUsuario.ts
FN:4,fabricaCriaPapelUsuario
FNF:1
FNH:1
FNDA:4,fabricaCriaPapelUsuario
DA:1,3
DA:2,3
DA:4,3
DA:5,4
LF:4
LH:4
BRF:0
BRH:0
end_of_record
TN:
SF:src/use-cases/papelUsuarioUseCases/factory/fabricaDeleta-papelUsuario.ts
FN:4,fabricaDeletaPapelUsuario
FNF:1
FNH:1
FNDA:4,fabricaDeletaPapelUsuario
DA:1,3
DA:2,3
DA:4,3
DA:5,4
LF:4
LH:4
BRF:0
BRH:0
end_of_record
TN:
SF:src/use-cases/papelUsuarioUseCases/factory/fabricaEditar-papelUsuario.ts
FN:4,fabricaEditarPapelUsuario
FNF:1
FNH:1
FNDA:4,fabricaEditarPapelUsuario
DA:1,3
DA:2,3
DA:4,3
DA:5,4
LF:4
LH:4
BRF:0
BRH:0
end_of_record
TN:
SF:src/use-cases/postagemUseCases/buscarPorChave-postagem.ts
FN:5,(anonymous_0)
FN:7,(anonymous_1)
FNF:2
FNH:1
FNDA:4,(anonymous_0)
FNDA:0,(anonymous_1)
DA:4,3
DA:5,4
DA:8,0
LF:3
LH:2
BRF:0
BRH:0
end_of_record
TN:
SF:src/use-cases/postagemUseCases/buscarPorID-postagem.ts
FN:5,(anonymous_0)
FN:7,(anonymous_1)
FNF:2
FNH:1
FNDA:4,(anonymous_0)
FNDA:0,(anonymous_1)
DA:4,3
DA:5,4
DA:8,0
LF:3
LH:2
BRF:0
BRH:0
end_of_record
TN:
SF:src/use-cases/postagemUseCases/buscarTodos-postagem.ts
FN:5,(anonymous_0)
FN:7,(anonymous_1)
FNF:2
FNH:1
FNDA:4,(anonymous_0)
FNDA:0,(anonymous_1)
DA:4,3
DA:5,4
DA:8,0
LF:3
LH:2
BRF:0
BRH:0
end_of_record
TN:
SF:src/use-cases/postagemUseCases/criar-postagem.ts
FN:6,(anonymous_0)
FN:8,(anonymous_1)
FNF:2
FNH:2
FNDA:6,(anonymous_0)
FNDA:2,(anonymous_1)
DA:3,3
DA:5,3
DA:6,6
DA:9,2
DA:11,2
DA:12,1
DA:15,2
LF:7
LH:7
BRDA:11,0,0,1
BRF:1
BRH:1
end_of_record
TN:
SF:src/use-cases/postagemUseCases/deletar-postagem.ts
FN:5,(anonymous_0)
FN:7,(anonymous_1)
FNF:2
FNH:1
FNDA:4,(anonymous_0)
FNDA:0,(anonymous_1)
DA:4,3
DA:5,4
DA:8,0
LF:3
LH:2
BRF:0
BRH:0
end_of_record
TN:
SF:src/use-cases/postagemUseCases/editar-postagem.ts
FN:10,(anonymous_1)
FN:12,(anonymous_2)
FNF:2
FNH:1
FNDA:4,(anonymous_1)
FNDA:0,(anonymous_2)
DA:3,3
DA:4,3
DA:6,3
DA:7,3
DA:9,3
DA:10,4
DA:18,0
DA:19,0
DA:21,0
DA:22,0
DA:25,0
LF:11
LH:6
BRDA:6,0,0,0
BRDA:6,0,1,3
BRDA:19,1,0,0
BRDA:21,2,0,0
BRF:4
BRH:1
end_of_record
TN:
SF:src/use-cases/postagemUseCases/uploadImgBB-postagem.ts
FN:6,uploadImagem
FNF:1
FNH:1
FNDA:2,uploadImagem
DA:1,7
DA:2,7
DA:3,7
DA:4,7
DA:6,7
DA:7,2
DA:9,1
DA:11,1
DA:12,0
DA:13,0
DA:14,0
DA:16,0
DA:22,0
DA:25,1
DA:26,0
DA:27,0
DA:29,0
DA:30,0
DA:32,0
DA:35,1
LF:20
LH:10
BRDA:7,0,0,1
BRDA:11,1,0,0
BRDA:25,2,0,0
BRDA:27,3,0,0
BRF:4
BRH:1
end_of_record
TN:
SF:src/use-cases/postagemUseCases/factory/fabricaBuscarPorChave-postagem.ts
FN:4,fabricaBuscarPorPostagemPorPalavraChave
FNF:1
FNH:1
FNDA:4,fabricaBuscarPorPostagemPorPalavraChave
DA:1,3
DA:2,3
DA:4,3
DA:5,4
LF:4
LH:4
BRF:0
BRH:0
end_of_record
TN:
SF:src/use-cases/postagemUseCases/factory/fabricaBuscarPorID-postagem.ts
FN:4,fabricaBuscarPorIDPostagem
FNF:1
FNH:1
FNDA:4,fabricaBuscarPorIDPostagem
DA:1,3
DA:2,3
DA:4,3
DA:5,4
LF:4
LH:4
BRF:0
BRH:0
end_of_record
TN:
SF:src/use-cases/postagemUseCases/factory/fabricaBuscarTodos-postagem.ts
FN:4,fabricaBuscarTodosPostagem
FNF:1
FNH:1
FNDA:4,fabricaBuscarTodosPostagem
DA:1,3
DA:2,3
DA:4,3
DA:5,4
LF:4
LH:4
BRF:0
BRH:0
end_of_record
TN:
SF:src/use-cases/postagemUseCases/factory/fabricaCria-postagem.ts
FN:4,fabricaCriarPostagem
FNF:1
FNH:1
FNDA:4,fabricaCriarPostagem
DA:1,3
DA:2,3
DA:4,3
DA:5,4
LF:4
LH:4
BRF:0
BRH:0
end_of_record
TN:
SF:src/use-cases/postagemUseCases/factory/fabricaDeleta-postagem.ts
FN:4,fabricaDeletarPostagem
FNF:1
FNH:1
FNDA:4,fabricaDeletarPostagem
DA:1,3
DA:2,3
DA:4,3
DA:5,4
LF:4
LH:4
BRF:0
BRH:0
end_of_record
TN:
SF:src/use-cases/postagemUseCases/factory/fabricaEditar-postagem.ts
FN:4,fabricaEditarPostagem
FNF:1
FNH:1
FNDA:4,fabricaEditarPostagem
DA:1,3
DA:2,3
DA:4,3
DA:5,4
LF:4
LH:4
BRF:0
BRH:0
end_of_record
TN:
SF:src/use-cases/usuarioUseCases/buscarPorID-usuario.ts
FN:5,(anonymous_0)
FN:7,(anonymous_1)
FNF:2
FNH:1
FNDA:4,(anonymous_0)
FNDA:0,(anonymous_1)
DA:4,3
DA:5,4
DA:8,0
LF:3
LH:2
BRF:0
BRH:0
end_of_record
TN:
SF:src/use-cases/usuarioUseCases/buscarTodos-usuario.ts
FN:5,(anonymous_0)
FN:7,(anonymous_1)
FNF:2
FNH:1
FNDA:4,(anonymous_0)
FNDA:0,(anonymous_1)
DA:4,3
DA:5,4
DA:8,0
LF:3
LH:2
BRF:0
BRH:0
end_of_record
TN:
SF:src/use-cases/usuarioUseCases/criar-usuario.ts
FN:10,(anonymous_1)
FN:12,(anonymous_2)
FNF:2
FNH:1
FNDA:4,(anonymous_1)
FNDA:0,(anonymous_2)
DA:3,3
DA:4,3
DA:6,3
DA:7,3
DA:9,3
DA:10,4
DA:13,0
DA:14,0
DA:16,0
LF:9
LH:6
BRDA:6,0,0,0
BRDA:6,0,1,3
BRF:2
BRH:1
end_of_record
TN:
SF:src/use-cases/usuarioUseCases/deletar-usuario.ts
FN:5,(anonymous_0)
FN:7,(anonymous_1)
FNF:2
FNH:1
FNDA:4,(anonymous_0)
FNDA:0,(anonymous_1)
DA:4,3
DA:5,4
DA:8,0
LF:3
LH:2
BRF:0
BRH:0
end_of_record
TN:
SF:src/use-cases/usuarioUseCases/editar-usuario.ts
FN:10,(anonymous_1)
FN:12,(anonymous_2)
FNF:2
FNH:1
FNDA:4,(anonymous_1)
FNDA:0,(anonymous_2)
DA:3,3
DA:4,3
DA:6,3
DA:7,3
DA:9,3
DA:10,4
DA:13,0
DA:14,0
DA:15,0
DA:17,0
DA:18,0
DA:19,0
DA:22,0
LF:13
LH:6
BRDA:6,0,0,0
BRDA:6,0,1,3
BRDA:13,1,0,0
BRDA:13,1,1,0
BRDA:18,2,0,0
BRF:5
BRH:1
end_of_record
TN:
SF:src/use-cases/usuarioUseCases/login-usuario.ts
FN:11,(anonymous_1)
FN:13,(anonymous_2)
FNF:2
FNH:1
FNDA:1,(anonymous_1)
FNDA:0,(anonymous_2)
DA:3,1
DA:4,1
DA:5,1
DA:7,1
DA:8,1
DA:10,1
DA:11,1
DA:14,0
DA:15,0
DA:17,0
DA:18,0
DA:20,0
DA:24,0
LF:13
LH:7
BRDA:7,0,0,0
BRDA:7,0,1,1
BRDA:15,1,0,0
BRDA:18,2,0,0
BRF:4
BRH:1
end_of_record
TN:
SF:src/use-cases/usuarioUseCases/factory/fabricaBuscarPorID-usuario.ts
FN:4,fabricaBuscarPorIDUsuario
FNF:1
FNH:1
FNDA:4,fabricaBuscarPorIDUsuario
DA:1,3
DA:2,3
DA:4,3
DA:5,4
LF:4
LH:4
BRF:0
BRH:0
end_of_record
TN:
SF:src/use-cases/usuarioUseCases/factory/fabricaBuscarTodos-usuario.ts
FN:4,fabricaBuscarTodosUsuarios
FNF:1
FNH:1
FNDA:4,fabricaBuscarTodosUsuarios
DA:1,3
DA:2,3
DA:4,3
DA:5,4
LF:4
LH:4
BRF:0
BRH:0
end_of_record
TN:
SF:src/use-cases/usuarioUseCases/factory/fabricaCria-usuario.ts
FN:4,fabricaCriarUsuarios
FNF:1
FNH:1
FNDA:4,fabricaCriarUsuarios
DA:1,3
DA:2,3
DA:4,3
DA:5,4
LF:4
LH:4
BRF:0
BRH:0
end_of_record
TN:
SF:src/use-cases/usuarioUseCases/factory/fabricaDeleta-usuario.ts
FN:4,fabricaDeletarUsuarios
FNF:1
FNH:1
FNDA:4,fabricaDeletarUsuarios
DA:1,3
DA:2,3
DA:4,3
DA:5,4
LF:4
LH:4
BRF:0
BRH:0
end_of_record
TN:
SF:src/use-cases/usuarioUseCases/factory/fabricaEditar-usuario.ts
FN:4,fabricaEditarUsuario
FNF:1
FNH:1
FNDA:4,fabricaEditarUsuario
DA:1,3
DA:2,3
DA:4,3
DA:5,4
LF:4
LH:4
BRF:0
BRH:0
end_of_record
TN:
SF:src/use-cases/usuarioUseCases/factory/fabricaLogin-usuario.ts
FN:4,fabricaLoginUsuarios
FNF:1
FNH:1
FNDA:1,fabricaLoginUsuarios
DA:1,1
DA:2,1
DA:4,1
DA:5,1
LF:4
LH:4
BRF:0
BRH:0
end_of_record
